[2026-01-21T17:27:52.099Z] Uncaught Exception: done is not a function
Stack: TypeError: done is not a function
    at Textarea._listener (/home/joanramon/Minima/MinimaNodeManager/node_modules/blessed/lib/widgets/textarea.js:231:5)
    at Textbox._listener (/home/joanramon/Minima/MinimaNodeManager/node_modules/blessed/lib/widgets/textbox.js:43:15)
    at EventEmitter._emit (/home/joanramon/Minima/MinimaNodeManager/node_modules/blessed/lib/events.js:98:20)
    at EventEmitter.emit (/home/joanramon/Minima/MinimaNodeManager/node_modules/blessed/lib/events.js:117:12)
    at Form.<anonymous> (/home/joanramon/Minima/MinimaNodeManager/node_modules/blessed/lib/widgets/form.js:43:14)
    at EventEmitter._emit (/home/joanramon/Minima/MinimaNodeManager/node_modules/blessed/lib/events.js:94:20)
    at EventEmitter.emit (/home/joanramon/Minima/MinimaNodeManager/node_modules/blessed/lib/events.js:131:12)
    at Program.<anonymous> (/home/joanramon/Minima/MinimaNodeManager/node_modules/blessed/lib/widgets/screen.js:602:15)
    at Program.emit (node:events:519:28)
    at /home/joanramon/Minima/MinimaNodeManager/node_modules/blessed/lib/program.js:410:15
[2026-01-21T17:27:52.100Z] Application cleanup triggered.
[2026-01-21T17:27:52.104Z] Process exited with code 1
[2026-01-21T17:27:52.105Z] Application cleanup triggered.
[KEYPRESS] ch: "undefined", key: {"sequence":"\u001bOB","name":"down","ctrl":false,"meta":false,"shift":false,"code":"OB","full":"down"}
[KEYPRESS] ch: "undefined", key: {"sequence":"\u001bOB","name":"down","ctrl":false,"meta":false,"shift":false,"code":"OB","full":"down"}
[KEYPRESS] ch: "C", key: {"sequence":"C","name":"c","ctrl":false,"meta":false,"shift":true,"full":"S-c"}
[KEYPRESS] ch: "v", key: {"sequence":"v","name":"v","ctrl":false,"meta":false,"shift":false,"full":"v"}
[KEYPRESS] ch: "K", key: {"sequence":"K","name":"k","ctrl":false,"meta":false,"shift":true,"full":"S-k"}
[KEYPRESS] ch: "C", key: {"sequence":"C","name":"c","ctrl":false,"meta":false,"shift":true,"full":"S-c"}
[KEYPRESS] ch: "s", key: {"sequence":"s","name":"s","ctrl":false,"meta":false,"shift":false,"full":"s"}
[KEYPRESS] ch: "K", key: {"sequence":"K","name":"k","ctrl":false,"meta":false,"shift":true,"full":"S-k"}
[KEYPRESS] ch: "C", key: {"sequence":"C","name":"c","ctrl":false,"meta":false,"shift":true,"full":"S-c"}
[KEYPRESS] ch: "l", key: {"sequence":"l","name":"l","ctrl":false,"meta":false,"shift":false,"full":"l"}
[KEYPRESS] ch: "K", key: {"sequence":"K","name":"k","ctrl":false,"meta":false,"shift":true,"full":"S-k"}
[KEYPRESS] ch: "C", key: {"sequence":"C","name":"c","ctrl":false,"meta":false,"shift":true,"full":"S-c"}
[KEYPRESS] ch: "d", key: {"sequence":"d","name":"d","ctrl":false,"meta":false,"shift":false,"full":"d"}
[KEYPRESS] ch: "J", key: {"sequence":"J","name":"j","ctrl":false,"meta":false,"shift":true,"full":"S-j"}
[KEYPRESS] ch: "C", key: {"sequence":"C","name":"c","ctrl":false,"meta":false,"shift":true,"full":"S-c"}
[KEYPRESS] ch: "\", key: {"sequence":"\\","ctrl":false,"meta":false,"shift":false,"full":"\\"}
[KEYPRESS] ch: "H", key: {"sequence":"H","name":"h","ctrl":false,"meta":false,"shift":true,"full":"S-h"}
[KEYPRESS] ch: "C", key: {"sequence":"C","name":"c","ctrl":false,"meta":false,"shift":true,"full":"S-c"}
[KEYPRESS] ch: "T", key: {"sequence":"T","name":"t","ctrl":false,"meta":false,"shift":true,"full":"S-t"}
[KEYPRESS] ch: "F", key: {"sequence":"F","name":"f","ctrl":false,"meta":false,"shift":true,"full":"S-f"}
[KEYPRESS] ch: "C", key: {"sequence":"C","name":"c","ctrl":false,"meta":false,"shift":true,"full":"S-c"}
[KEYPRESS] ch: "K", key: {"sequence":"K","name":"k","ctrl":false,"meta":false,"shift":true,"full":"S-k"}
[KEYPRESS] ch: "D", key: {"sequence":"D","name":"d","ctrl":false,"meta":false,"shift":true,"full":"S-d"}
[KEYPRESS] ch: "C", key: {"sequence":"C","name":"c","ctrl":false,"meta":false,"shift":true,"full":"S-c"}
[KEYPRESS] ch: "B", key: {"sequence":"B","name":"b","ctrl":false,"meta":false,"shift":true,"full":"S-b"}
[KEYPRESS] ch: "A", key: {"sequence":"A","name":"a","ctrl":false,"meta":false,"shift":true,"full":"S-a"}
[KEYPRESS] ch: "C", key: {"sequence":"C","name":"c","ctrl":false,"meta":false,"shift":true,"full":"S-c"}
[KEYPRESS] ch: "9", key: {"sequence":"9","name":"9","ctrl":false,"meta":false,"shift":false,"full":"9"}
[KEYPRESS] ch: "=", key: {"sequence":"=","ctrl":false,"meta":false,"shift":false,"full":"="}
[KEYPRESS] ch: "C", key: {"sequence":"C","name":"c","ctrl":false,"meta":false,"shift":true,"full":"S-c"}
[KEYPRESS] ch: "0", key: {"sequence":"0","name":"0","ctrl":false,"meta":false,"shift":false,"full":"0"}
[KEYPRESS] ch: "9", key: {"sequence":"9","name":"9","ctrl":false,"meta":false,"shift":false,"full":"9"}
[KEYPRESS] ch: "C", key: {"sequence":"C","name":"c","ctrl":false,"meta":false,"shift":true,"full":"S-c"}
[KEYPRESS] ch: "(", key: {"sequence":"(","ctrl":false,"meta":false,"shift":false,"full":"("}
[KEYPRESS] ch: "5", key: {"sequence":"5","name":"5","ctrl":false,"meta":false,"shift":false,"full":"5"}
[KEYPRESS] ch: "C", key: {"sequence":"C","name":"c","ctrl":false,"meta":false,"shift":true,"full":"S-c"}
[KEYPRESS] ch: "!", key: {"sequence":"!","ctrl":false,"meta":false,"shift":false,"full":"!"}
[KEYPRESS] ch: "1", key: {"sequence":"1","name":"1","ctrl":false,"meta":false,"shift":false,"full":"1"}
[KEYPRESS] ch: "C", key: {"sequence":"C","name":"c","ctrl":false,"meta":false,"shift":true,"full":"S-c"}
[KEYPRESS] ch: "!", key: {"sequence":"!","ctrl":false,"meta":false,"shift":false,"full":"!"}
[KEYPRESS] ch: "-", key: {"sequence":"-","ctrl":false,"meta":false,"shift":false,"full":"-"}
[KEYPRESS] ch: "C", key: {"sequence":"C","name":"c","ctrl":false,"meta":false,"shift":true,"full":"S-c"}
[KEYPRESS] ch: "!", key: {"sequence":"!","ctrl":false,"meta":false,"shift":false,"full":"!"}
[KEYPRESS] ch: "*", key: {"sequence":"*","ctrl":false,"meta":false,"shift":false,"full":"*"}
[KEYPRESS] ch: "C", key: {"sequence":"C","name":"c","ctrl":false,"meta":false,"shift":true,"full":"S-c"}
[KEYPRESS] ch: "!", key: {"sequence":"!","ctrl":false,"meta":false,"shift":false,"full":"!"}
[KEYPRESS] ch: "(", key: {"sequence":"(","ctrl":false,"meta":false,"shift":false,"full":"("}
[KEYPRESS] ch: "C", key: {"sequence":"C","name":"c","ctrl":false,"meta":false,"shift":true,"full":"S-c"}
[KEYPRESS] ch: "!", key: {"sequence":"!","ctrl":false,"meta":false,"shift":false,"full":"!"}
[KEYPRESS] ch: "&", key: {"sequence":"&","ctrl":false,"meta":false,"shift":false,"full":"&"}
[KEYPRESS] ch: "C", key: {"sequence":"C","name":"c","ctrl":false,"meta":false,"shift":true,"full":"S-c"}
[KEYPRESS] ch: "!", key: {"sequence":"!","ctrl":false,"meta":false,"shift":false,"full":"!"}
[KEYPRESS] ch: "%", key: {"sequence":"%","ctrl":false,"meta":false,"shift":false,"full":"%"}
[KEYPRESS] ch: "C", key: {"sequence":"C","name":"c","ctrl":false,"meta":false,"shift":true,"full":"S-c"}
[KEYPRESS] ch: "!", key: {"sequence":"!","ctrl":false,"meta":false,"shift":false,"full":"!"}
[KEYPRESS] ch: "$", key: {"sequence":"$","ctrl":false,"meta":false,"shift":false,"full":"$"}
[KEYPRESS] ch: "C", key: {"sequence":"C","name":"c","ctrl":false,"meta":false,"shift":true,"full":"S-c"}
[KEYPRESS] ch: "!", key: {"sequence":"!","ctrl":false,"meta":false,"shift":false,"full":"!"}
[KEYPRESS] ch: "#", key: {"sequence":"#","ctrl":false,"meta":false,"shift":false,"full":"#"}
[KEYPRESS] ch: "C", key: {"sequence":"C","name":"c","ctrl":false,"meta":false,"shift":true,"full":"S-c"}
[KEYPRESS] ch: "!", key: {"sequence":"!","ctrl":false,"meta":false,"shift":false,"full":"!"}
[KEYPRESS] ch: """, key: {"sequence":"\"","ctrl":false,"meta":false,"shift":false,"full":"\""}
[KEYPRESS] ch: "C", key: {"sequence":"C","name":"c","ctrl":false,"meta":false,"shift":true,"full":"S-c"}
[KEYPRESS] ch: "!", key: {"sequence":"!","ctrl":false,"meta":false,"shift":false,"full":"!"}
[KEYPRESS] ch: "!", key: {"sequence":"!","ctrl":false,"meta":false,"shift":false,"full":"!"}
[KEYPRESS] ch: "C", key: {"sequence":"C","name":"c","ctrl":false,"meta":false,"shift":true,"full":"S-c"}
[KEYPRESS] ch: ")", key: {"sequence":")","ctrl":false,"meta":false,"shift":false,"full":")"}
[KEYPRESS] ch: "!", key: {"sequence":"!","ctrl":false,"meta":false,"shift":false,"full":"!"}
[KEYPRESS] ch: "C", key: {"sequence":"C","name":"c","ctrl":false,"meta":false,"shift":true,"full":"S-c"}
[KEYPRESS] ch: "*", key: {"sequence":"*","ctrl":false,"meta":false,"shift":false,"full":"*"}
[KEYPRESS] ch: "!", key: {"sequence":"!","ctrl":false,"meta":false,"shift":false,"full":"!"}
[KEYPRESS] ch: "C", key: {"sequence":"C","name":"c","ctrl":false,"meta":false,"shift":true,"full":"S-c"}
[KEYPRESS] ch: "*", key: {"sequence":"*","ctrl":false,"meta":false,"shift":false,"full":"*"}
[KEYPRESS] ch: """, key: {"sequence":"\"","ctrl":false,"meta":false,"shift":false,"full":"\""}
[KEYPRESS] ch: "C", key: {"sequence":"C","name":"c","ctrl":false,"meta":false,"shift":true,"full":"S-c"}
[KEYPRESS] ch: "*", key: {"sequence":"*","ctrl":false,"meta":false,"shift":false,"full":"*"}
[KEYPRESS] ch: "#", key: {"sequence":"#","ctrl":false,"meta":false,"shift":false,"full":"#"}
[KEYPRESS] ch: "C", key: {"sequence":"C","name":"c","ctrl":false,"meta":false,"shift":true,"full":"S-c"}
[KEYPRESS] ch: "*", key: {"sequence":"*","ctrl":false,"meta":false,"shift":false,"full":"*"}
[KEYPRESS] ch: "$", key: {"sequence":"$","ctrl":false,"meta":false,"shift":false,"full":"$"}
[KEYPRESS] ch: "C", key: {"sequence":"C","name":"c","ctrl":false,"meta":false,"shift":true,"full":"S-c"}
[KEYPRESS] ch: "*", key: {"sequence":"*","ctrl":false,"meta":false,"shift":false,"full":"*"}
[KEYPRESS] ch: "%", key: {"sequence":"%","ctrl":false,"meta":false,"shift":false,"full":"%"}
[KEYPRESS] ch: "C", key: {"sequence":"C","name":"c","ctrl":false,"meta":false,"shift":true,"full":"S-c"}
[KEYPRESS] ch: "*", key: {"sequence":"*","ctrl":false,"meta":false,"shift":false,"full":"*"}
[KEYPRESS] ch: "&", key: {"sequence":"&","ctrl":false,"meta":false,"shift":false,"full":"&"}
[KEYPRESS] ch: "C", key: {"sequence":"C","name":"c","ctrl":false,"meta":false,"shift":true,"full":"S-c"}
[KEYPRESS] ch: "*", key: {"sequence":"*","ctrl":false,"meta":false,"shift":false,"full":"*"}
[KEYPRESS] ch: "%", key: {"sequence":"%","ctrl":false,"meta":false,"shift":false,"full":"%"}
[KEYPRESS] ch: "C", key: {"sequence":"C","name":"c","ctrl":false,"meta":false,"shift":true,"full":"S-c"}
[KEYPRESS] ch: "*", key: {"sequence":"*","ctrl":false,"meta":false,"shift":false,"full":"*"}
[KEYPRESS] ch: "$", key: {"sequence":"$","ctrl":false,"meta":false,"shift":false,"full":"$"}
[KEYPRESS] ch: "C", key: {"sequence":"C","name":"c","ctrl":false,"meta":false,"shift":true,"full":"S-c"}
[KEYPRESS] ch: ")", key: {"sequence":")","ctrl":false,"meta":false,"shift":false,"full":")"}
[KEYPRESS] ch: "$", key: {"sequence":"$","ctrl":false,"meta":false,"shift":false,"full":"$"}
[KEYPRESS] ch: "C", key: {"sequence":"C","name":"c","ctrl":false,"meta":false,"shift":true,"full":"S-c"}
[KEYPRESS] ch: ")", key: {"sequence":")","ctrl":false,"meta":false,"shift":false,"full":")"}
[KEYPRESS] ch: "#", key: {"sequence":"#","ctrl":false,"meta":false,"shift":false,"full":"#"}
[KEYPRESS] ch: "C", key: {"sequence":"C","name":"c","ctrl":false,"meta":false,"shift":true,"full":"S-c"}
[KEYPRESS] ch: ")", key: {"sequence":")","ctrl":false,"meta":false,"shift":false,"full":")"}
[KEYPRESS] ch: "$", key: {"sequence":"$","ctrl":false,"meta":false,"shift":false,"full":"$"}
[KEYPRESS] ch: "C", key: {"sequence":"C","name":"c","ctrl":false,"meta":false,"shift":true,"full":"S-c"}
[KEYPRESS] ch: ")", key: {"sequence":")","ctrl":false,"meta":false,"shift":false,"full":")"}
[KEYPRESS] ch: "%", key: {"sequence":"%","ctrl":false,"meta":false,"shift":false,"full":"%"}
[KEYPRESS] ch: "C", key: {"sequence":"C","name":"c","ctrl":false,"meta":false,"shift":true,"full":"S-c"}
[KEYPRESS] ch: ")", key: {"sequence":")","ctrl":false,"meta":false,"shift":false,"full":")"}
[KEYPRESS] ch: "&", key: {"sequence":"&","ctrl":false,"meta":false,"shift":false,"full":"&"}
[KEYPRESS] ch: "C", key: {"sequence":"C","name":"c","ctrl":false,"meta":false,"shift":true,"full":"S-c"}
[KEYPRESS] ch: "*", key: {"sequence":"*","ctrl":false,"meta":false,"shift":false,"full":"*"}
[KEYPRESS] ch: "'", key: {"sequence":"'","ctrl":false,"meta":false,"shift":false,"full":"'"}
[KEYPRESS] ch: "C", key: {"sequence":"C","name":"c","ctrl":false,"meta":false,"shift":true,"full":"S-c"}
[KEYPRESS] ch: "*", key: {"sequence":"*","ctrl":false,"meta":false,"shift":false,"full":"*"}
[KEYPRESS] ch: "(", key: {"sequence":"(","ctrl":false,"meta":false,"shift":false,"full":"("}
[KEYPRESS] ch: "C", key: {"sequence":"C","name":"c","ctrl":false,"meta":false,"shift":true,"full":"S-c"}
[KEYPRESS] ch: "*", key: {"sequence":"*","ctrl":false,"meta":false,"shift":false,"full":"*"}
[KEYPRESS] ch: ")", key: {"sequence":")","ctrl":false,"meta":false,"shift":false,"full":")"}
[KEYPRESS] ch: "C", key: {"sequence":"C","name":"c","ctrl":false,"meta":false,"shift":true,"full":"S-c"}
[KEYPRESS] ch: "*", key: {"sequence":"*","ctrl":false,"meta":false,"shift":false,"full":"*"}
[KEYPRESS] ch: "*", key: {"sequence":"*","ctrl":false,"meta":false,"shift":false,"full":"*"}
[KEYPRESS] ch: "C", key: {"sequence":"C","name":"c","ctrl":false,"meta":false,"shift":true,"full":"S-c"}
[KEYPRESS] ch: "*", key: {"sequence":"*","ctrl":false,"meta":false,"shift":false,"full":"*"}
[KEYPRESS] ch: "+", key: {"sequence":"+","ctrl":false,"meta":false,"shift":false,"full":"+"}
[KEYPRESS] ch: "C", key: {"sequence":"C","name":"c","ctrl":false,"meta":false,"shift":true,"full":"S-c"}
[KEYPRESS] ch: "*", key: {"sequence":"*","ctrl":false,"meta":false,"shift":false,"full":"*"}
[KEYPRESS] ch: ",", key: {"sequence":",","ctrl":false,"meta":false,"shift":false,"full":","}
[KEYPRESS] ch: "C", key: {"sequence":"C","name":"c","ctrl":false,"meta":false,"shift":true,"full":"S-c"}
[KEYPRESS] ch: "*", key: {"sequence":"*","ctrl":false,"meta":false,"shift":false,"full":"*"}
[KEYPRESS] ch: "-", key: {"sequence":"-","ctrl":false,"meta":false,"shift":false,"full":"-"}
[KEYPRESS] ch: "C", key: {"sequence":"C","name":"c","ctrl":false,"meta":false,"shift":true,"full":"S-c"}
[KEYPRESS] ch: "*", key: {"sequence":"*","ctrl":false,"meta":false,"shift":false,"full":"*"}
[KEYPRESS] ch: ".", key: {"sequence":".","ctrl":false,"meta":false,"shift":false,"full":"."}
[KEYPRESS] ch: "C", key: {"sequence":"C","name":"c","ctrl":false,"meta":false,"shift":true,"full":"S-c"}
[KEYPRESS] ch: "*", key: {"sequence":"*","ctrl":false,"meta":false,"shift":false,"full":"*"}
[KEYPRESS] ch: "/", key: {"sequence":"/","ctrl":false,"meta":false,"shift":false,"full":"/"}
[KEYPRESS] ch: "C", key: {"sequence":"C","name":"c","ctrl":false,"meta":false,"shift":true,"full":"S-c"}
[KEYPRESS] ch: "*", key: {"sequence":"*","ctrl":false,"meta":false,"shift":false,"full":"*"}
[KEYPRESS] ch: "0", key: {"sequence":"0","name":"0","ctrl":false,"meta":false,"shift":false,"full":"0"}
[KEYPRESS] ch: "C", key: {"sequence":"C","name":"c","ctrl":false,"meta":false,"shift":true,"full":"S-c"}
[KEYPRESS] ch: "*", key: {"sequence":"*","ctrl":false,"meta":false,"shift":false,"full":"*"}
[KEYPRESS] ch: "1", key: {"sequence":"1","name":"1","ctrl":false,"meta":false,"shift":false,"full":"1"}
[KEYPRESS] ch: "C", key: {"sequence":"C","name":"c","ctrl":false,"meta":false,"shift":true,"full":"S-c"}
[KEYPRESS] ch: "*", key: {"sequence":"*","ctrl":false,"meta":false,"shift":false,"full":"*"}
[KEYPRESS] ch: "2", key: {"sequence":"2","name":"2","ctrl":false,"meta":false,"shift":false,"full":"2"}
[KEYPRESS] ch: "C", key: {"sequence":"C","name":"c","ctrl":false,"meta":false,"shift":true,"full":"S-c"}
[KEYPRESS] ch: "*", key: {"sequence":"*","ctrl":false,"meta":false,"shift":false,"full":"*"}
[KEYPRESS] ch: "3", key: {"sequence":"3","name":"3","ctrl":false,"meta":false,"shift":false,"full":"3"}
[KEYPRESS] ch: "C", key: {"sequence":"C","name":"c","ctrl":false,"meta":false,"shift":true,"full":"S-c"}
[KEYPRESS] ch: "*", key: {"sequence":"*","ctrl":false,"meta":false,"shift":false,"full":"*"}
[KEYPRESS] ch: "4", key: {"sequence":"4","name":"4","ctrl":false,"meta":false,"shift":false,"full":"4"}
[KEYPRESS] ch: "C", key: {"sequence":"C","name":"c","ctrl":false,"meta":false,"shift":true,"full":"S-c"}
[KEYPRESS] ch: "*", key: {"sequence":"*","ctrl":false,"meta":false,"shift":false,"full":"*"}
[KEYPRESS] ch: "5", key: {"sequence":"5","name":"5","ctrl":false,"meta":false,"shift":false,"full":"5"}
[KEYPRESS] ch: "", key: {"sequence":"\r","name":"enter","ctrl":false,"meta":false,"shift":false,"full":"enter"}
[KEYPRESS] ch: "", key: {"sequence":"\r","name":"return","ctrl":false,"meta":false,"shift":false,"full":"return"}
[KEYPRESS] ch: "", key: {"sequence":"\r","name":"enter","ctrl":false,"meta":false,"shift":false,"full":"enter"}
[KEYPRESS] ch: "", key: {"sequence":"\r","name":"return","ctrl":false,"meta":false,"shift":false,"full":"return"}
[KEYPRESS] ch: "C", key: {"sequence":"C","name":"c","ctrl":false,"meta":false,"shift":true,"full":"S-c"}
[KEYPRESS] ch: "+", key: {"sequence":"+","ctrl":false,"meta":false,"shift":false,"full":"+"}
[KEYPRESS] ch: "5", key: {"sequence":"5","name":"5","ctrl":false,"meta":false,"shift":false,"full":"5"}
[KEYPRESS] ch: "C", key: {"sequence":"C","name":"c","ctrl":false,"meta":false,"shift":true,"full":"S-c"}
[KEYPRESS] ch: "-", key: {"sequence":"-","ctrl":false,"meta":false,"shift":false,"full":"-"}
[KEYPRESS] ch: "5", key: {"sequence":"5","name":"5","ctrl":false,"meta":false,"shift":false,"full":"5"}
[KEYPRESS] ch: "C", key: {"sequence":"C","name":"c","ctrl":false,"meta":false,"shift":true,"full":"S-c"}
[KEYPRESS] ch: ".", key: {"sequence":".","ctrl":false,"meta":false,"shift":false,"full":"."}
[KEYPRESS] ch: "4", key: {"sequence":"4","name":"4","ctrl":false,"meta":false,"shift":false,"full":"4"}
[KEYPRESS] ch: "C", key: {"sequence":"C","name":"c","ctrl":false,"meta":false,"shift":true,"full":"S-c"}
[KEYPRESS] ch: "1", key: {"sequence":"1","name":"1","ctrl":false,"meta":false,"shift":false,"full":"1"}
[KEYPRESS] ch: "4", key: {"sequence":"4","name":"4","ctrl":false,"meta":false,"shift":false,"full":"4"}
[KEYPRESS] ch: "C", key: {"sequence":"C","name":"c","ctrl":false,"meta":false,"shift":true,"full":"S-c"}
[KEYPRESS] ch: "3", key: {"sequence":"3","name":"3","ctrl":false,"meta":false,"shift":false,"full":"3"}
[KEYPRESS] ch: "4", key: {"sequence":"4","name":"4","ctrl":false,"meta":false,"shift":false,"full":"4"}
[KEYPRESS] ch: "C", key: {"sequence":"C","name":"c","ctrl":false,"meta":false,"shift":true,"full":"S-c"}
[KEYPRESS] ch: "5", key: {"sequence":"5","name":"5","ctrl":false,"meta":false,"shift":false,"full":"5"}
[KEYPRESS] ch: "4", key: {"sequence":"4","name":"4","ctrl":false,"meta":false,"shift":false,"full":"4"}
[KEYPRESS] ch: "C", key: {"sequence":"C","name":"c","ctrl":false,"meta":false,"shift":true,"full":"S-c"}
[KEYPRESS] ch: "7", key: {"sequence":"7","name":"7","ctrl":false,"meta":false,"shift":false,"full":"7"}
[KEYPRESS] ch: "4", key: {"sequence":"4","name":"4","ctrl":false,"meta":false,"shift":false,"full":"4"}
[KEYPRESS] ch: "C", key: {"sequence":"C","name":"c","ctrl":false,"meta":false,"shift":true,"full":"S-c"}
[KEYPRESS] ch: "9", key: {"sequence":"9","name":"9","ctrl":false,"meta":false,"shift":false,"full":"9"}
[KEYPRESS] ch: "4", key: {"sequence":"4","name":"4","ctrl":false,"meta":false,"shift":false,"full":"4"}
[KEYPRESS] ch: "C", key: {"sequence":"C","name":"c","ctrl":false,"meta":false,"shift":true,"full":"S-c"}
[KEYPRESS] ch: "<", key: {"sequence":"<","ctrl":false,"meta":false,"shift":false,"full":"<"}
[KEYPRESS] ch: "4", key: {"sequence":"4","name":"4","ctrl":false,"meta":false,"shift":false,"full":"4"}
[KEYPRESS] ch: "C", key: {"sequence":"C","name":"c","ctrl":false,"meta":false,"shift":true,"full":"S-c"}
[KEYPRESS] ch: ">", key: {"sequence":">","ctrl":false,"meta":false,"shift":false,"full":">"}
[KEYPRESS] ch: "4", key: {"sequence":"4","name":"4","ctrl":false,"meta":false,"shift":false,"full":"4"}
[KEYPRESS] ch: "C", key: {"sequence":"C","name":"c","ctrl":false,"meta":false,"shift":true,"full":"S-c"}
[KEYPRESS] ch: "@", key: {"sequence":"@","ctrl":false,"meta":false,"shift":false,"full":"@"}
[KEYPRESS] ch: "5", key: {"sequence":"5","name":"5","ctrl":false,"meta":false,"shift":false,"full":"5"}
[KEYPRESS] ch: "C", key: {"sequence":"C","name":"c","ctrl":false,"meta":false,"shift":true,"full":"S-c"}
[KEYPRESS] ch: "C", key: {"sequence":"C","name":"c","ctrl":false,"meta":false,"shift":true,"full":"S-c"}
[KEYPRESS] ch: "5", key: {"sequence":"5","name":"5","ctrl":false,"meta":false,"shift":false,"full":"5"}
[KEYPRESS] ch: "C", key: {"sequence":"C","name":"c","ctrl":false,"meta":false,"shift":true,"full":"S-c"}
[KEYPRESS] ch: "E", key: {"sequence":"E","name":"e","ctrl":false,"meta":false,"shift":true,"full":"S-e"}
[KEYPRESS] ch: "5", key: {"sequence":"5","name":"5","ctrl":false,"meta":false,"shift":false,"full":"5"}
[KEYPRESS] ch: "C", key: {"sequence":"C","name":"c","ctrl":false,"meta":false,"shift":true,"full":"S-c"}
[KEYPRESS] ch: "G", key: {"sequence":"G","name":"g","ctrl":false,"meta":false,"shift":true,"full":"S-g"}
[KEYPRESS] ch: "6", key: {"sequence":"6","name":"6","ctrl":false,"meta":false,"shift":false,"full":"6"}
[KEYPRESS] ch: "C", key: {"sequence":"C","name":"c","ctrl":false,"meta":false,"shift":true,"full":"S-c"}
[KEYPRESS] ch: "I", key: {"sequence":"I","name":"i","ctrl":false,"meta":false,"shift":true,"full":"S-i"}
[KEYPRESS] ch: "6", key: {"sequence":"6","name":"6","ctrl":false,"meta":false,"shift":false,"full":"6"}
[KEYPRESS] ch: "C", key: {"sequence":"C","name":"c","ctrl":false,"meta":false,"shift":true,"full":"S-c"}
[KEYPRESS] ch: "K", key: {"sequence":"K","name":"k","ctrl":false,"meta":false,"shift":true,"full":"S-k"}
[KEYPRESS] ch: "6", key: {"sequence":"6","name":"6","ctrl":false,"meta":false,"shift":false,"full":"6"}
[KEYPRESS] ch: "C", key: {"sequence":"C","name":"c","ctrl":false,"meta":false,"shift":true,"full":"S-c"}
[KEYPRESS] ch: "L", key: {"sequence":"L","name":"l","ctrl":false,"meta":false,"shift":true,"full":"S-l"}
[KEYPRESS] ch: "7", key: {"sequence":"7","name":"7","ctrl":false,"meta":false,"shift":false,"full":"7"}
[KEYPRESS] ch: "C", key: {"sequence":"C","name":"c","ctrl":false,"meta":false,"shift":true,"full":"S-c"}
[KEYPRESS] ch: "M", key: {"sequence":"M","name":"m","ctrl":false,"meta":false,"shift":true,"full":"S-m"}
[KEYPRESS] ch: "7", key: {"sequence":"7","name":"7","ctrl":false,"meta":false,"shift":false,"full":"7"}
[KEYPRESS] ch: "C", key: {"sequence":"C","name":"c","ctrl":false,"meta":false,"shift":true,"full":"S-c"}
[KEYPRESS] ch: "N", key: {"sequence":"N","name":"n","ctrl":false,"meta":false,"shift":true,"full":"S-n"}
[KEYPRESS] ch: "7", key: {"sequence":"7","name":"7","ctrl":false,"meta":false,"shift":false,"full":"7"}
[KEYPRESS] ch: "C", key: {"sequence":"C","name":"c","ctrl":false,"meta":false,"shift":true,"full":"S-c"}
[KEYPRESS] ch: "M", key: {"sequence":"M","name":"m","ctrl":false,"meta":false,"shift":true,"full":"S-m"}
[KEYPRESS] ch: "8", key: {"sequence":"8","name":"8","ctrl":false,"meta":false,"shift":false,"full":"8"}
[KEYPRESS] ch: "C", key: {"sequence":"C","name":"c","ctrl":false,"meta":false,"shift":true,"full":"S-c"}
[KEYPRESS] ch: "M", key: {"sequence":"M","name":"m","ctrl":false,"meta":false,"shift":true,"full":"S-m"}
[KEYPRESS] ch: ":", key: {"sequence":":","ctrl":false,"meta":false,"shift":false,"full":":"}
[KEYPRESS] ch: "C", key: {"sequence":"C","name":"c","ctrl":false,"meta":false,"shift":true,"full":"S-c"}
[KEYPRESS] ch: "M", key: {"sequence":"M","name":"m","ctrl":false,"meta":false,"shift":true,"full":"S-m"}
[KEYPRESS] ch: "<", key: {"sequence":"<","ctrl":false,"meta":false,"shift":false,"full":"<"}
[KEYPRESS] ch: "C", key: {"sequence":"C","name":"c","ctrl":false,"meta":false,"shift":true,"full":"S-c"}
[KEYPRESS] ch: "L", key: {"sequence":"L","name":"l","ctrl":false,"meta":false,"shift":true,"full":"S-l"}
[KEYPRESS] ch: ">", key: {"sequence":">","ctrl":false,"meta":false,"shift":false,"full":">"}
[KEYPRESS] ch: "C", key: {"sequence":"C","name":"c","ctrl":false,"meta":false,"shift":true,"full":"S-c"}
[KEYPRESS] ch: "L", key: {"sequence":"L","name":"l","ctrl":false,"meta":false,"shift":true,"full":"S-l"}
[KEYPRESS] ch: "?", key: {"sequence":"?","ctrl":false,"meta":false,"shift":false,"full":"?"}
[KEYPRESS] ch: "C", key: {"sequence":"C","name":"c","ctrl":false,"meta":false,"shift":true,"full":"S-c"}
[KEYPRESS] ch: "M", key: {"sequence":"M","name":"m","ctrl":false,"meta":false,"shift":true,"full":"S-m"}
[KEYPRESS] ch: "B", key: {"sequence":"B","name":"b","ctrl":false,"meta":false,"shift":true,"full":"S-b"}
[KEYPRESS] ch: "C", key: {"sequence":"C","name":"c","ctrl":false,"meta":false,"shift":true,"full":"S-c"}
[KEYPRESS] ch: "M", key: {"sequence":"M","name":"m","ctrl":false,"meta":false,"shift":true,"full":"S-m"}
[KEYPRESS] ch: "D", key: {"sequence":"D","name":"d","ctrl":false,"meta":false,"shift":true,"full":"S-d"}
[KEYPRESS] ch: "C", key: {"sequence":"C","name":"c","ctrl":false,"meta":false,"shift":true,"full":"S-c"}
[KEYPRESS] ch: "N", key: {"sequence":"N","name":"n","ctrl":false,"meta":false,"shift":true,"full":"S-n"}
[KEYPRESS] ch: "F", key: {"sequence":"F","name":"f","ctrl":false,"meta":false,"shift":true,"full":"S-f"}
[KEYPRESS] ch: "C", key: {"sequence":"C","name":"c","ctrl":false,"meta":false,"shift":true,"full":"S-c"}
[KEYPRESS] ch: "O", key: {"sequence":"O","name":"o","ctrl":false,"meta":false,"shift":true,"full":"S-o"}
[KEYPRESS] ch: "H", key: {"sequence":"H","name":"h","ctrl":false,"meta":false,"shift":true,"full":"S-h"}
[KEYPRESS] ch: "C", key: {"sequence":"C","name":"c","ctrl":false,"meta":false,"shift":true,"full":"S-c"}
[KEYPRESS] ch: "Q", key: {"sequence":"Q","name":"q","ctrl":false,"meta":false,"shift":true,"full":"S-q"}
[KEYPRESS] ch: "J", key: {"sequence":"J","name":"j","ctrl":false,"meta":false,"shift":true,"full":"S-j"}
[KEYPRESS] ch: "C", key: {"sequence":"C","name":"c","ctrl":false,"meta":false,"shift":true,"full":"S-c"}
[KEYPRESS] ch: "R", key: {"sequence":"R","name":"r","ctrl":false,"meta":false,"shift":true,"full":"S-r"}
[KEYPRESS] ch: "L", key: {"sequence":"L","name":"l","ctrl":false,"meta":false,"shift":true,"full":"S-l"}
[KEYPRESS] ch: "C", key: {"sequence":"C","name":"c","ctrl":false,"meta":false,"shift":true,"full":"S-c"}
[KEYPRESS] ch: "S", key: {"sequence":"S","name":"s","ctrl":false,"meta":false,"shift":true,"full":"S-s"}
[KEYPRESS] ch: "M", key: {"sequence":"M","name":"m","ctrl":false,"meta":false,"shift":true,"full":"S-m"}
[KEYPRESS] ch: "C", key: {"sequence":"C","name":"c","ctrl":false,"meta":false,"shift":true,"full":"S-c"}
[KEYPRESS] ch: "T", key: {"sequence":"T","name":"t","ctrl":false,"meta":false,"shift":true,"full":"S-t"}
[KEYPRESS] ch: "N", key: {"sequence":"N","name":"n","ctrl":false,"meta":false,"shift":true,"full":"S-n"}
[KEYPRESS] ch: "C", key: {"sequence":"C","name":"c","ctrl":false,"meta":false,"shift":true,"full":"S-c"}
[KEYPRESS] ch: "U", key: {"sequence":"U","name":"u","ctrl":false,"meta":false,"shift":true,"full":"S-u"}
[KEYPRESS] ch: "O", key: {"sequence":"O","name":"o","ctrl":false,"meta":false,"shift":true,"full":"S-o"}
[KEYPRESS] ch: "C", key: {"sequence":"C","name":"c","ctrl":false,"meta":false,"shift":true,"full":"S-c"}
[KEYPRESS] ch: "V", key: {"sequence":"V","name":"v","ctrl":false,"meta":false,"shift":true,"full":"S-v"}
[KEYPRESS] ch: "O", key: {"sequence":"O","name":"o","ctrl":false,"meta":false,"shift":true,"full":"S-o"}
[KEYPRESS] ch: "C", key: {"sequence":"C","name":"c","ctrl":false,"meta":false,"shift":true,"full":"S-c"}
[KEYPRESS] ch: "V", key: {"sequence":"V","name":"v","ctrl":false,"meta":false,"shift":true,"full":"S-v"}
[KEYPRESS] ch: "P", key: {"sequence":"P","name":"p","ctrl":false,"meta":false,"shift":true,"full":"S-p"}
[KEYPRESS] ch: "C", key: {"sequence":"C","name":"c","ctrl":false,"meta":false,"shift":true,"full":"S-c"}
[KEYPRESS] ch: "W", key: {"sequence":"W","name":"w","ctrl":false,"meta":false,"shift":true,"full":"S-w"}
[KEYPRESS] ch: "P", key: {"sequence":"P","name":"p","ctrl":false,"meta":false,"shift":true,"full":"S-p"}
[KEYPRESS] ch: "C", key: {"sequence":"C","name":"c","ctrl":false,"meta":false,"shift":true,"full":"S-c"}
[KEYPRESS] ch: "X", key: {"sequence":"X","name":"x","ctrl":false,"meta":false,"shift":true,"full":"S-x"}
[KEYPRESS] ch: "P", key: {"sequence":"P","name":"p","ctrl":false,"meta":false,"shift":true,"full":"S-p"}
[KEYPRESS] ch: "C", key: {"sequence":"C","name":"c","ctrl":false,"meta":false,"shift":true,"full":"S-c"}
[KEYPRESS] ch: "Y", key: {"sequence":"Y","name":"y","ctrl":false,"meta":false,"shift":true,"full":"S-y"}
[KEYPRESS] ch: "P", key: {"sequence":"P","name":"p","ctrl":false,"meta":false,"shift":true,"full":"S-p"}
[KEYPRESS] ch: "C", key: {"sequence":"C","name":"c","ctrl":false,"meta":false,"shift":true,"full":"S-c"}
[KEYPRESS] ch: "Z", key: {"sequence":"Z","name":"z","ctrl":false,"meta":false,"shift":true,"full":"S-z"}
[KEYPRESS] ch: "P", key: {"sequence":"P","name":"p","ctrl":false,"meta":false,"shift":true,"full":"S-p"}
[KEYPRESS] ch: "C", key: {"sequence":"C","name":"c","ctrl":false,"meta":false,"shift":true,"full":"S-c"}
[KEYPRESS] ch: "[", key: {"sequence":"[","ctrl":false,"meta":false,"shift":false,"full":"["}
[KEYPRESS] ch: "P", key: {"sequence":"P","name":"p","ctrl":false,"meta":false,"shift":true,"full":"S-p"}
[KEYPRESS] ch: "C", key: {"sequence":"C","name":"c","ctrl":false,"meta":false,"shift":true,"full":"S-c"}
[KEYPRESS] ch: "\", key: {"sequence":"\\","ctrl":false,"meta":false,"shift":false,"full":"\\"}
[KEYPRESS] ch: "P", key: {"sequence":"P","name":"p","ctrl":false,"meta":false,"shift":true,"full":"S-p"}
[KEYPRESS] ch: "C", key: {"sequence":"C","name":"c","ctrl":false,"meta":false,"shift":true,"full":"S-c"}
[KEYPRESS] ch: "]", key: {"sequence":"]","ctrl":false,"meta":false,"shift":false,"full":"]"}
[KEYPRESS] ch: "P", key: {"sequence":"P","name":"p","ctrl":false,"meta":false,"shift":true,"full":"S-p"}
[KEYPRESS] ch: " ", key: {"sequence":" ","name":"space","ctrl":false,"meta":false,"shift":false,"full":"space"}
[KEYPRESS] ch: "]", key: {"sequence":"]","ctrl":false,"meta":false,"shift":false,"full":"]"}
[KEYPRESS] ch: "P", key: {"sequence":"P","name":"p","ctrl":false,"meta":false,"shift":true,"full":"S-p"}
[KEYPRESS] ch: "#", key: {"sequence":"#","ctrl":false,"meta":false,"shift":false,"full":"#"}
[KEYPRESS] ch: "]", key: {"sequence":"]","ctrl":false,"meta":false,"shift":false,"full":"]"}
[KEYPRESS] ch: "P", key: {"sequence":"P","name":"p","ctrl":false,"meta":false,"shift":true,"full":"S-p"}
[KEYPRESS] ch: " ", key: {"sequence":" ","name":"space","ctrl":false,"meta":false,"shift":false,"full":"space"}
[KEYPRESS] ch: "]", key: {"sequence":"]","ctrl":false,"meta":false,"shift":false,"full":"]"}
[KEYPRESS] ch: "P", key: {"sequence":"P","name":"p","ctrl":false,"meta":false,"shift":true,"full":"S-p"}
[KEYPRESS] ch: "#", key: {"sequence":"#","ctrl":false,"meta":false,"shift":false,"full":"#"}
[KEYPRESS] ch: "]", key: {"sequence":"]","ctrl":false,"meta":false,"shift":false,"full":"]"}
[KEYPRESS] ch: "P", key: {"sequence":"P","name":"p","ctrl":false,"meta":false,"shift":true,"full":"S-p"}
[KEYPRESS] ch: "C", key: {"sequence":"C","name":"c","ctrl":false,"meta":false,"shift":true,"full":"S-c"}
[KEYPRESS] ch: "\", key: {"sequence":"\\","ctrl":false,"meta":false,"shift":false,"full":"\\"}
[KEYPRESS] ch: "Q", key: {"sequence":"Q","name":"q","ctrl":false,"meta":false,"shift":true,"full":"S-q"}
[KEYPRESS] ch: "C", key: {"sequence":"C","name":"c","ctrl":false,"meta":false,"shift":true,"full":"S-c"}
[KEYPRESS] ch: "[", key: {"sequence":"[","ctrl":false,"meta":false,"shift":false,"full":"["}
[KEYPRESS] ch: "Q", key: {"sequence":"Q","name":"q","ctrl":false,"meta":false,"shift":true,"full":"S-q"}
[KEYPRESS] ch: "C", key: {"sequence":"C","name":"c","ctrl":false,"meta":false,"shift":true,"full":"S-c"}
[KEYPRESS] ch: "Y", key: {"sequence":"Y","name":"y","ctrl":false,"meta":false,"shift":true,"full":"S-y"}
[KEYPRESS] ch: "R", key: {"sequence":"R","name":"r","ctrl":false,"meta":false,"shift":true,"full":"S-r"}
[KEYPRESS] ch: "C", key: {"sequence":"C","name":"c","ctrl":false,"meta":false,"shift":true,"full":"S-c"}
[KEYPRESS] ch: "W", key: {"sequence":"W","name":"w","ctrl":false,"meta":false,"shift":true,"full":"S-w"}
[KEYPRESS] ch: "S", key: {"sequence":"S","name":"s","ctrl":false,"meta":false,"shift":true,"full":"S-s"}
[KEYPRESS] ch: "C", key: {"sequence":"C","name":"c","ctrl":false,"meta":false,"shift":true,"full":"S-c"}
[KEYPRESS] ch: "V", key: {"sequence":"V","name":"v","ctrl":false,"meta":false,"shift":true,"full":"S-v"}
[KEYPRESS] ch: "T", key: {"sequence":"T","name":"t","ctrl":false,"meta":false,"shift":true,"full":"S-t"}
[KEYPRESS] ch: "C", key: {"sequence":"C","name":"c","ctrl":false,"meta":false,"shift":true,"full":"S-c"}
[KEYPRESS] ch: "T", key: {"sequence":"T","name":"t","ctrl":false,"meta":false,"shift":true,"full":"S-t"}
[KEYPRESS] ch: "U", key: {"sequence":"U","name":"u","ctrl":false,"meta":false,"shift":true,"full":"S-u"}
[KEYPRESS] ch: "C", key: {"sequence":"C","name":"c","ctrl":false,"meta":false,"shift":true,"full":"S-c"}
[KEYPRESS] ch: "S", key: {"sequence":"S","name":"s","ctrl":false,"meta":false,"shift":true,"full":"S-s"}
[KEYPRESS] ch: "U", key: {"sequence":"U","name":"u","ctrl":false,"meta":false,"shift":true,"full":"S-u"}
[KEYPRESS] ch: "C", key: {"sequence":"C","name":"c","ctrl":false,"meta":false,"shift":true,"full":"S-c"}
[KEYPRESS] ch: "R", key: {"sequence":"R","name":"r","ctrl":false,"meta":false,"shift":true,"full":"S-r"}
[KEYPRESS] ch: "V", key: {"sequence":"V","name":"v","ctrl":false,"meta":false,"shift":true,"full":"S-v"}
[KEYPRESS] ch: "C", key: {"sequence":"C","name":"c","ctrl":false,"meta":false,"shift":true,"full":"S-c"}
[KEYPRESS] ch: "Q", key: {"sequence":"Q","name":"q","ctrl":false,"meta":false,"shift":true,"full":"S-q"}
[KEYPRESS] ch: "V", key: {"sequence":"V","name":"v","ctrl":false,"meta":false,"shift":true,"full":"S-v"}
[KEYPRESS] ch: "C", key: {"sequence":"C","name":"c","ctrl":false,"meta":false,"shift":true,"full":"S-c"}
[KEYPRESS] ch: "P", key: {"sequence":"P","name":"p","ctrl":false,"meta":false,"shift":true,"full":"S-p"}
[KEYPRESS] ch: "V", key: {"sequence":"V","name":"v","ctrl":false,"meta":false,"shift":true,"full":"S-v"}
[KEYPRESS] ch: "C", key: {"sequence":"C","name":"c","ctrl":false,"meta":false,"shift":true,"full":"S-c"}
[KEYPRESS] ch: "O", key: {"sequence":"O","name":"o","ctrl":false,"meta":false,"shift":true,"full":"S-o"}
[KEYPRESS] ch: "W", key: {"sequence":"W","name":"w","ctrl":false,"meta":false,"shift":true,"full":"S-w"}
[KEYPRESS] ch: "C", key: {"sequence":"C","name":"c","ctrl":false,"meta":false,"shift":true,"full":"S-c"}
[KEYPRESS] ch: "P", key: {"sequence":"P","name":"p","ctrl":false,"meta":false,"shift":true,"full":"S-p"}
[KEYPRESS] ch: "W", key: {"sequence":"W","name":"w","ctrl":false,"meta":false,"shift":true,"full":"S-w"}
[KEYPRESS] ch: "C", key: {"sequence":"C","name":"c","ctrl":false,"meta":false,"shift":true,"full":"S-c"}
[KEYPRESS] ch: "P", key: {"sequence":"P","name":"p","ctrl":false,"meta":false,"shift":true,"full":"S-p"}
[KEYPRESS] ch: "V", key: {"sequence":"V","name":"v","ctrl":false,"meta":false,"shift":true,"full":"S-v"}
[KEYPRESS] ch: " ", key: {"sequence":" ","name":"space","ctrl":false,"meta":false,"shift":false,"full":"space"}
[KEYPRESS] ch: "P", key: {"sequence":"P","name":"p","ctrl":false,"meta":false,"shift":true,"full":"S-p"}
[KEYPRESS] ch: "V", key: {"sequence":"V","name":"v","ctrl":false,"meta":false,"shift":true,"full":"S-v"}
[KEYPRESS] ch: "#", key: {"sequence":"#","ctrl":false,"meta":false,"shift":false,"full":"#"}
[KEYPRESS] ch: "P", key: {"sequence":"P","name":"p","ctrl":false,"meta":false,"shift":true,"full":"S-p"}
[KEYPRESS] ch: "V", key: {"sequence":"V","name":"v","ctrl":false,"meta":false,"shift":true,"full":"S-v"}
[KEYPRESS] ch: "C", key: {"sequence":"C","name":"c","ctrl":false,"meta":false,"shift":true,"full":"S-c"}
[KEYPRESS] ch: "Q", key: {"sequence":"Q","name":"q","ctrl":false,"meta":false,"shift":true,"full":"S-q"}
[KEYPRESS] ch: "V", key: {"sequence":"V","name":"v","ctrl":false,"meta":false,"shift":true,"full":"S-v"}
[KEYPRESS] ch: "C", key: {"sequence":"C","name":"c","ctrl":false,"meta":false,"shift":true,"full":"S-c"}
[KEYPRESS] ch: "R", key: {"sequence":"R","name":"r","ctrl":false,"meta":false,"shift":true,"full":"S-r"}
[KEYPRESS] ch: "U", key: {"sequence":"U","name":"u","ctrl":false,"meta":false,"shift":true,"full":"S-u"}
[KEYPRESS] ch: "C", key: {"sequence":"C","name":"c","ctrl":false,"meta":false,"shift":true,"full":"S-c"}
[KEYPRESS] ch: "S", key: {"sequence":"S","name":"s","ctrl":false,"meta":false,"shift":true,"full":"S-s"}
[KEYPRESS] ch: "T", key: {"sequence":"T","name":"t","ctrl":false,"meta":false,"shift":true,"full":"S-t"}
[KEYPRESS] ch: "C", key: {"sequence":"C","name":"c","ctrl":false,"meta":false,"shift":true,"full":"S-c"}
[KEYPRESS] ch: "T", key: {"sequence":"T","name":"t","ctrl":false,"meta":false,"shift":true,"full":"S-t"}
[KEYPRESS] ch: "S", key: {"sequence":"S","name":"s","ctrl":false,"meta":false,"shift":true,"full":"S-s"}
[KEYPRESS] ch: "C", key: {"sequence":"C","name":"c","ctrl":false,"meta":false,"shift":true,"full":"S-c"}
[KEYPRESS] ch: "U", key: {"sequence":"U","name":"u","ctrl":false,"meta":false,"shift":true,"full":"S-u"}
[KEYPRESS] ch: "Q", key: {"sequence":"Q","name":"q","ctrl":false,"meta":false,"shift":true,"full":"S-q"}
[KEYPRESS] ch: "C", key: {"sequence":"C","name":"c","ctrl":false,"meta":false,"shift":true,"full":"S-c"}
[KEYPRESS] ch: "U", key: {"sequence":"U","name":"u","ctrl":false,"meta":false,"shift":true,"full":"S-u"}
[KEYPRESS] ch: "P", key: {"sequence":"P","name":"p","ctrl":false,"meta":false,"shift":true,"full":"S-p"}
[KEYPRESS] ch: "C", key: {"sequence":"C","name":"c","ctrl":false,"meta":false,"shift":true,"full":"S-c"}
[KEYPRESS] ch: "V", key: {"sequence":"V","name":"v","ctrl":false,"meta":false,"shift":true,"full":"S-v"}
[KEYPRESS] ch: "O", key: {"sequence":"O","name":"o","ctrl":false,"meta":false,"shift":true,"full":"S-o"}
[KEYPRESS] ch: "C", key: {"sequence":"C","name":"c","ctrl":false,"meta":false,"shift":true,"full":"S-c"}
[KEYPRESS] ch: "V", key: {"sequence":"V","name":"v","ctrl":false,"meta":false,"shift":true,"full":"S-v"}
[KEYPRESS] ch: "M", key: {"sequence":"M","name":"m","ctrl":false,"meta":false,"shift":true,"full":"S-m"}
[KEYPRESS] ch: "C", key: {"sequence":"C","name":"c","ctrl":false,"meta":false,"shift":true,"full":"S-c"}
[KEYPRESS] ch: "V", key: {"sequence":"V","name":"v","ctrl":false,"meta":false,"shift":true,"full":"S-v"}
[KEYPRESS] ch: "K", key: {"sequence":"K","name":"k","ctrl":false,"meta":false,"shift":true,"full":"S-k"}
[KEYPRESS] ch: "C", key: {"sequence":"C","name":"c","ctrl":false,"meta":false,"shift":true,"full":"S-c"}
[KEYPRESS] ch: "V", key: {"sequence":"V","name":"v","ctrl":false,"meta":false,"shift":true,"full":"S-v"}
[KEYPRESS] ch: "J", key: {"sequence":"J","name":"j","ctrl":false,"meta":false,"shift":true,"full":"S-j"}
[KEYPRESS] ch: "C", key: {"sequence":"C","name":"c","ctrl":false,"meta":false,"shift":true,"full":"S-c"}
[KEYPRESS] ch: "V", key: {"sequence":"V","name":"v","ctrl":false,"meta":false,"shift":true,"full":"S-v"}
[KEYPRESS] ch: "H", key: {"sequence":"H","name":"h","ctrl":false,"meta":false,"shift":true,"full":"S-h"}
[KEYPRESS] ch: "C", key: {"sequence":"C","name":"c","ctrl":false,"meta":false,"shift":true,"full":"S-c"}
[KEYPRESS] ch: "V", key: {"sequence":"V","name":"v","ctrl":false,"meta":false,"shift":true,"full":"S-v"}
[KEYPRESS] ch: "G", key: {"sequence":"G","name":"g","ctrl":false,"meta":false,"shift":true,"full":"S-g"}
[KEYPRESS] ch: "C", key: {"sequence":"C","name":"c","ctrl":false,"meta":false,"shift":true,"full":"S-c"}
[KEYPRESS] ch: "V", key: {"sequence":"V","name":"v","ctrl":false,"meta":false,"shift":true,"full":"S-v"}
[KEYPRESS] ch: "F", key: {"sequence":"F","name":"f","ctrl":false,"meta":false,"shift":true,"full":"S-f"}
[KEYPRESS] ch: "C", key: {"sequence":"C","name":"c","ctrl":false,"meta":false,"shift":true,"full":"S-c"}
[KEYPRESS] ch: "U", key: {"sequence":"U","name":"u","ctrl":false,"meta":false,"shift":true,"full":"S-u"}
[KEYPRESS] ch: "F", key: {"sequence":"F","name":"f","ctrl":false,"meta":false,"shift":true,"full":"S-f"}
[KEYPRESS] ch: "C", key: {"sequence":"C","name":"c","ctrl":false,"meta":false,"shift":true,"full":"S-c"}
[KEYPRESS] ch: "T", key: {"sequence":"T","name":"t","ctrl":false,"meta":false,"shift":true,"full":"S-t"}
[KEYPRESS] ch: "F", key: {"sequence":"F","name":"f","ctrl":false,"meta":false,"shift":true,"full":"S-f"}
[KEYPRESS] ch: "C", key: {"sequence":"C","name":"c","ctrl":false,"meta":false,"shift":true,"full":"S-c"}
[KEYPRESS] ch: "S", key: {"sequence":"S","name":"s","ctrl":false,"meta":false,"shift":true,"full":"S-s"}
[KEYPRESS] ch: "F", key: {"sequence":"F","name":"f","ctrl":false,"meta":false,"shift":true,"full":"S-f"}
[KEYPRESS] ch: "C", key: {"sequence":"C","name":"c","ctrl":false,"meta":false,"shift":true,"full":"S-c"}
[KEYPRESS] ch: "R", key: {"sequence":"R","name":"r","ctrl":false,"meta":false,"shift":true,"full":"S-r"}
[KEYPRESS] ch: "F", key: {"sequence":"F","name":"f","ctrl":false,"meta":false,"shift":true,"full":"S-f"}
[KEYPRESS] ch: "C", key: {"sequence":"C","name":"c","ctrl":false,"meta":false,"shift":true,"full":"S-c"}
[KEYPRESS] ch: "R", key: {"sequence":"R","name":"r","ctrl":false,"meta":false,"shift":true,"full":"S-r"}
[KEYPRESS] ch: "G", key: {"sequence":"G","name":"g","ctrl":false,"meta":false,"shift":true,"full":"S-g"}
[KEYPRESS] ch: "C", key: {"sequence":"C","name":"c","ctrl":false,"meta":false,"shift":true,"full":"S-c"}
[KEYPRESS] ch: "Q", key: {"sequence":"Q","name":"q","ctrl":false,"meta":false,"shift":true,"full":"S-q"}
[KEYPRESS] ch: "G", key: {"sequence":"G","name":"g","ctrl":false,"meta":false,"shift":true,"full":"S-g"}
[KEYPRESS] ch: "C", key: {"sequence":"C","name":"c","ctrl":false,"meta":false,"shift":true,"full":"S-c"}
[KEYPRESS] ch: "P", key: {"sequence":"P","name":"p","ctrl":false,"meta":false,"shift":true,"full":"S-p"}
[KEYPRESS] ch: "H", key: {"sequence":"H","name":"h","ctrl":false,"meta":false,"shift":true,"full":"S-h"}
[KEYPRESS] ch: "C", key: {"sequence":"C","name":"c","ctrl":false,"meta":false,"shift":true,"full":"S-c"}
[KEYPRESS] ch: "O", key: {"sequence":"O","name":"o","ctrl":false,"meta":false,"shift":true,"full":"S-o"}
[KEYPRESS] ch: "H", key: {"sequence":"H","name":"h","ctrl":false,"meta":false,"shift":true,"full":"S-h"}
[KEYPRESS] ch: "C", key: {"sequence":"C","name":"c","ctrl":false,"meta":false,"shift":true,"full":"S-c"}
[KEYPRESS] ch: "N", key: {"sequence":"N","name":"n","ctrl":false,"meta":false,"shift":true,"full":"S-n"}
[KEYPRESS] ch: "I", key: {"sequence":"I","name":"i","ctrl":false,"meta":false,"shift":true,"full":"S-i"}
[KEYPRESS] ch: "C", key: {"sequence":"C","name":"c","ctrl":false,"meta":false,"shift":true,"full":"S-c"}
[KEYPRESS] ch: "N", key: {"sequence":"N","name":"n","ctrl":false,"meta":false,"shift":true,"full":"S-n"}
[KEYPRESS] ch: "J", key: {"sequence":"J","name":"j","ctrl":false,"meta":false,"shift":true,"full":"S-j"}
[KEYPRESS] ch: "C", key: {"sequence":"C","name":"c","ctrl":false,"meta":false,"shift":true,"full":"S-c"}
[KEYPRESS] ch: "N", key: {"sequence":"N","name":"n","ctrl":false,"meta":false,"shift":true,"full":"S-n"}
[KEYPRESS] ch: "K", key: {"sequence":"K","name":"k","ctrl":false,"meta":false,"shift":true,"full":"S-k"}
[KEYPRESS] ch: "C", key: {"sequence":"C","name":"c","ctrl":false,"meta":false,"shift":true,"full":"S-c"}
[KEYPRESS] ch: "N", key: {"sequence":"N","name":"n","ctrl":false,"meta":false,"shift":true,"full":"S-n"}
[KEYPRESS] ch: "L", key: {"sequence":"L","name":"l","ctrl":false,"meta":false,"shift":true,"full":"S-l"}
[KEYPRESS] ch: "C", key: {"sequence":"C","name":"c","ctrl":false,"meta":false,"shift":true,"full":"S-c"}
[KEYPRESS] ch: "O", key: {"sequence":"O","name":"o","ctrl":false,"meta":false,"shift":true,"full":"S-o"}
[KEYPRESS] ch: "M", key: {"sequence":"M","name":"m","ctrl":false,"meta":false,"shift":true,"full":"S-m"}
[KEYPRESS] ch: "C", key: {"sequence":"C","name":"c","ctrl":false,"meta":false,"shift":true,"full":"S-c"}
[KEYPRESS] ch: "P", key: {"sequence":"P","name":"p","ctrl":false,"meta":false,"shift":true,"full":"S-p"}
[KEYPRESS] ch: "M", key: {"sequence":"M","name":"m","ctrl":false,"meta":false,"shift":true,"full":"S-m"}
[KEYPRESS] ch: "C", key: {"sequence":"C","name":"c","ctrl":false,"meta":false,"shift":true,"full":"S-c"}
[KEYPRESS] ch: "Q", key: {"sequence":"Q","name":"q","ctrl":false,"meta":false,"shift":true,"full":"S-q"}
[KEYPRESS] ch: "M", key: {"sequence":"M","name":"m","ctrl":false,"meta":false,"shift":true,"full":"S-m"}
[KEYPRESS] ch: "C", key: {"sequence":"C","name":"c","ctrl":false,"meta":false,"shift":true,"full":"S-c"}
[KEYPRESS] ch: "S", key: {"sequence":"S","name":"s","ctrl":false,"meta":false,"shift":true,"full":"S-s"}
[KEYPRESS] ch: "N", key: {"sequence":"N","name":"n","ctrl":false,"meta":false,"shift":true,"full":"S-n"}
[KEYPRESS] ch: "C", key: {"sequence":"C","name":"c","ctrl":false,"meta":false,"shift":true,"full":"S-c"}
[KEYPRESS] ch: "U", key: {"sequence":"U","name":"u","ctrl":false,"meta":false,"shift":true,"full":"S-u"}
[KEYPRESS] ch: "N", key: {"sequence":"N","name":"n","ctrl":false,"meta":false,"shift":true,"full":"S-n"}
[KEYPRESS] ch: "C", key: {"sequence":"C","name":"c","ctrl":false,"meta":false,"shift":true,"full":"S-c"}
[KEYPRESS] ch: "W", key: {"sequence":"W","name":"w","ctrl":false,"meta":false,"shift":true,"full":"S-w"}
[KEYPRESS] ch: "N", key: {"sequence":"N","name":"n","ctrl":false,"meta":false,"shift":true,"full":"S-n"}
[KEYPRESS] ch: "C", key: {"sequence":"C","name":"c","ctrl":false,"meta":false,"shift":true,"full":"S-c"}
[KEYPRESS] ch: "Y", key: {"sequence":"Y","name":"y","ctrl":false,"meta":false,"shift":true,"full":"S-y"}
[KEYPRESS] ch: "O", key: {"sequence":"O","name":"o","ctrl":false,"meta":false,"shift":true,"full":"S-o"}
[KEYPRESS] ch: "C", key: {"sequence":"C","name":"c","ctrl":false,"meta":false,"shift":true,"full":"S-c"}
[KEYPRESS] ch: "Z", key: {"sequence":"Z","name":"z","ctrl":false,"meta":false,"shift":true,"full":"S-z"}
[KEYPRESS] ch: "O", key: {"sequence":"O","name":"o","ctrl":false,"meta":false,"shift":true,"full":"S-o"}
[KEYPRESS] ch: "C", key: {"sequence":"C","name":"c","ctrl":false,"meta":false,"shift":true,"full":"S-c"}
[KEYPRESS] ch: "\", key: {"sequence":"\\","ctrl":false,"meta":false,"shift":false,"full":"\\"}
[KEYPRESS] ch: "N", key: {"sequence":"N","name":"n","ctrl":false,"meta":false,"shift":true,"full":"S-n"}
[KEYPRESS] ch: "C", key: {"sequence":"C","name":"c","ctrl":false,"meta":false,"shift":true,"full":"S-c"}
[KEYPRESS] ch: "]", key: {"sequence":"]","ctrl":false,"meta":false,"shift":false,"full":"]"}
[KEYPRESS] ch: "N", key: {"sequence":"N","name":"n","ctrl":false,"meta":false,"shift":true,"full":"S-n"}
[KEYPRESS] ch: "C", key: {"sequence":"C","name":"c","ctrl":false,"meta":false,"shift":true,"full":"S-c"}
[KEYPRESS] ch: "^", key: {"sequence":"^","ctrl":false,"meta":false,"shift":false,"full":"^"}
[KEYPRESS] ch: "N", key: {"sequence":"N","name":"n","ctrl":false,"meta":false,"shift":true,"full":"S-n"}
[KEYPRESS] ch: "C", key: {"sequence":"C","name":"c","ctrl":false,"meta":false,"shift":true,"full":"S-c"}
[KEYPRESS] ch: "_", key: {"sequence":"_","ctrl":false,"meta":false,"shift":false,"full":"_"}
[KEYPRESS] ch: "N", key: {"sequence":"N","name":"n","ctrl":false,"meta":false,"shift":true,"full":"S-n"}
[KEYPRESS] ch: "C", key: {"sequence":"C","name":"c","ctrl":false,"meta":false,"shift":true,"full":"S-c"}
[KEYPRESS] ch: "`", key: {"sequence":"`","ctrl":false,"meta":false,"shift":false,"full":"`"}
[KEYPRESS] ch: "M", key: {"sequence":"M","name":"m","ctrl":false,"meta":false,"shift":true,"full":"S-m"}
[KEYPRESS] ch: "C", key: {"sequence":"C","name":"c","ctrl":false,"meta":false,"shift":true,"full":"S-c"}
[KEYPRESS] ch: "a", key: {"sequence":"a","name":"a","ctrl":false,"meta":false,"shift":false,"full":"a"}
[KEYPRESS] ch: "M", key: {"sequence":"M","name":"m","ctrl":false,"meta":false,"shift":true,"full":"S-m"}
[KEYPRESS] ch: "C", key: {"sequence":"C","name":"c","ctrl":false,"meta":false,"shift":true,"full":"S-c"}
[KEYPRESS] ch: "a", key: {"sequence":"a","name":"a","ctrl":false,"meta":false,"shift":false,"full":"a"}
[KEYPRESS] ch: "L", key: {"sequence":"L","name":"l","ctrl":false,"meta":false,"shift":true,"full":"S-l"}
[KEYPRESS] ch: "C", key: {"sequence":"C","name":"c","ctrl":false,"meta":false,"shift":true,"full":"S-c"}
[KEYPRESS] ch: "a", key: {"sequence":"a","name":"a","ctrl":false,"meta":false,"shift":false,"full":"a"}
[KEYPRESS] ch: "K", key: {"sequence":"K","name":"k","ctrl":false,"meta":false,"shift":true,"full":"S-k"}
[KEYPRESS] ch: "C", key: {"sequence":"C","name":"c","ctrl":false,"meta":false,"shift":true,"full":"S-c"}
[KEYPRESS] ch: "a", key: {"sequence":"a","name":"a","ctrl":false,"meta":false,"shift":false,"full":"a"}
[KEYPRESS] ch: "J", key: {"sequence":"J","name":"j","ctrl":false,"meta":false,"shift":true,"full":"S-j"}
[KEYPRESS] ch: "C", key: {"sequence":"C","name":"c","ctrl":false,"meta":false,"shift":true,"full":"S-c"}
[KEYPRESS] ch: "a", key: {"sequence":"a","name":"a","ctrl":false,"meta":false,"shift":false,"full":"a"}
[KEYPRESS] ch: "I", key: {"sequence":"I","name":"i","ctrl":false,"meta":false,"shift":true,"full":"S-i"}
[KEYPRESS] ch: "C", key: {"sequence":"C","name":"c","ctrl":false,"meta":false,"shift":true,"full":"S-c"}
[KEYPRESS] ch: "`", key: {"sequence":"`","ctrl":false,"meta":false,"shift":false,"full":"`"}
[KEYPRESS] ch: "H", key: {"sequence":"H","name":"h","ctrl":false,"meta":false,"shift":true,"full":"S-h"}
[KEYPRESS] ch: "C", key: {"sequence":"C","name":"c","ctrl":false,"meta":false,"shift":true,"full":"S-c"}
[KEYPRESS] ch: "_", key: {"sequence":"_","ctrl":false,"meta":false,"shift":false,"full":"_"}
[KEYPRESS] ch: "H", key: {"sequence":"H","name":"h","ctrl":false,"meta":false,"shift":true,"full":"S-h"}
[KEYPRESS] ch: "C", key: {"sequence":"C","name":"c","ctrl":false,"meta":false,"shift":true,"full":"S-c"}
[KEYPRESS] ch: "^", key: {"sequence":"^","ctrl":false,"meta":false,"shift":false,"full":"^"}
[KEYPRESS] ch: "G", key: {"sequence":"G","name":"g","ctrl":false,"meta":false,"shift":true,"full":"S-g"}
[KEYPRESS] ch: "C", key: {"sequence":"C","name":"c","ctrl":false,"meta":false,"shift":true,"full":"S-c"}
[KEYPRESS] ch: "\", key: {"sequence":"\\","ctrl":false,"meta":false,"shift":false,"full":"\\"}
[KEYPRESS] ch: "F", key: {"sequence":"F","name":"f","ctrl":false,"meta":false,"shift":true,"full":"S-f"}
[KEYPRESS] ch: "C", key: {"sequence":"C","name":"c","ctrl":false,"meta":false,"shift":true,"full":"S-c"}
[KEYPRESS] ch: "[", key: {"sequence":"[","ctrl":false,"meta":false,"shift":false,"full":"["}
[KEYPRESS] ch: "F", key: {"sequence":"F","name":"f","ctrl":false,"meta":false,"shift":true,"full":"S-f"}
[KEYPRESS] ch: "C", key: {"sequence":"C","name":"c","ctrl":false,"meta":false,"shift":true,"full":"S-c"}
[KEYPRESS] ch: "Y", key: {"sequence":"Y","name":"y","ctrl":false,"meta":false,"shift":true,"full":"S-y"}
[KEYPRESS] ch: "F", key: {"sequence":"F","name":"f","ctrl":false,"meta":false,"shift":true,"full":"S-f"}
[KEYPRESS] ch: "C", key: {"sequence":"C","name":"c","ctrl":false,"meta":false,"shift":true,"full":"S-c"}
[KEYPRESS] ch: "X", key: {"sequence":"X","name":"x","ctrl":false,"meta":false,"shift":true,"full":"S-x"}
[KEYPRESS] ch: "E", key: {"sequence":"E","name":"e","ctrl":false,"meta":false,"shift":true,"full":"S-e"}
[KEYPRESS] ch: "C", key: {"sequence":"C","name":"c","ctrl":false,"meta":false,"shift":true,"full":"S-c"}
[KEYPRESS] ch: "W", key: {"sequence":"W","name":"w","ctrl":false,"meta":false,"shift":true,"full":"S-w"}
[KEYPRESS] ch: "E", key: {"sequence":"E","name":"e","ctrl":false,"meta":false,"shift":true,"full":"S-e"}
[KEYPRESS] ch: "C", key: {"sequence":"C","name":"c","ctrl":false,"meta":false,"shift":true,"full":"S-c"}
[KEYPRESS] ch: "V", key: {"sequence":"V","name":"v","ctrl":false,"meta":false,"shift":true,"full":"S-v"}
[KEYPRESS] ch: "E", key: {"sequence":"E","name":"e","ctrl":false,"meta":false,"shift":true,"full":"S-e"}
[KEYPRESS] ch: "C", key: {"sequence":"C","name":"c","ctrl":false,"meta":false,"shift":true,"full":"S-c"}
[KEYPRESS] ch: "T", key: {"sequence":"T","name":"t","ctrl":false,"meta":false,"shift":true,"full":"S-t"}
[KEYPRESS] ch: "F", key: {"sequence":"F","name":"f","ctrl":false,"meta":false,"shift":true,"full":"S-f"}
[KEYPRESS] ch: "C", key: {"sequence":"C","name":"c","ctrl":false,"meta":false,"shift":true,"full":"S-c"}
[KEYPRESS] ch: "S", key: {"sequence":"S","name":"s","ctrl":false,"meta":false,"shift":true,"full":"S-s"}
[KEYPRESS] ch: "F", key: {"sequence":"F","name":"f","ctrl":false,"meta":false,"shift":true,"full":"S-f"}
[KEYPRESS] ch: "C", key: {"sequence":"C","name":"c","ctrl":false,"meta":false,"shift":true,"full":"S-c"}
[KEYPRESS] ch: "Q", key: {"sequence":"Q","name":"q","ctrl":false,"meta":false,"shift":true,"full":"S-q"}
[KEYPRESS] ch: "F", key: {"sequence":"F","name":"f","ctrl":false,"meta":false,"shift":true,"full":"S-f"}
[KEYPRESS] ch: "C", key: {"sequence":"C","name":"c","ctrl":false,"meta":false,"shift":true,"full":"S-c"}
[KEYPRESS] ch: "P", key: {"sequence":"P","name":"p","ctrl":false,"meta":false,"shift":true,"full":"S-p"}
[KEYPRESS] ch: "G", key: {"sequence":"G","name":"g","ctrl":false,"meta":false,"shift":true,"full":"S-g"}
[KEYPRESS] ch: "C", key: {"sequence":"C","name":"c","ctrl":false,"meta":false,"shift":true,"full":"S-c"}
[KEYPRESS] ch: "N", key: {"sequence":"N","name":"n","ctrl":false,"meta":false,"shift":true,"full":"S-n"}
[KEYPRESS] ch: "H", key: {"sequence":"H","name":"h","ctrl":false,"meta":false,"shift":true,"full":"S-h"}
[KEYPRESS] ch: "C", key: {"sequence":"C","name":"c","ctrl":false,"meta":false,"shift":true,"full":"S-c"}
[KEYPRESS] ch: "M", key: {"sequence":"M","name":"m","ctrl":false,"meta":false,"shift":true,"full":"S-m"}
[KEYPRESS] ch: "I", key: {"sequence":"I","name":"i","ctrl":false,"meta":false,"shift":true,"full":"S-i"}
[KEYPRESS] ch: "C", key: {"sequence":"C","name":"c","ctrl":false,"meta":false,"shift":true,"full":"S-c"}
[KEYPRESS] ch: "L", key: {"sequence":"L","name":"l","ctrl":false,"meta":false,"shift":true,"full":"S-l"}
[KEYPRESS] ch: "J", key: {"sequence":"J","name":"j","ctrl":false,"meta":false,"shift":true,"full":"S-j"}
[KEYPRESS] ch: "C", key: {"sequence":"C","name":"c","ctrl":false,"meta":false,"shift":true,"full":"S-c"}
[KEYPRESS] ch: "K", key: {"sequence":"K","name":"k","ctrl":false,"meta":false,"shift":true,"full":"S-k"}
[KEYPRESS] ch: "L", key: {"sequence":"L","name":"l","ctrl":false,"meta":false,"shift":true,"full":"S-l"}
[KEYPRESS] ch: "C", key: {"sequence":"C","name":"c","ctrl":false,"meta":false,"shift":true,"full":"S-c"}
[KEYPRESS] ch: "J", key: {"sequence":"J","name":"j","ctrl":false,"meta":false,"shift":true,"full":"S-j"}
[KEYPRESS] ch: "M", key: {"sequence":"M","name":"m","ctrl":false,"meta":false,"shift":true,"full":"S-m"}
[KEYPRESS] ch: "C", key: {"sequence":"C","name":"c","ctrl":false,"meta":false,"shift":true,"full":"S-c"}
[KEYPRESS] ch: "J", key: {"sequence":"J","name":"j","ctrl":false,"meta":false,"shift":true,"full":"S-j"}
[KEYPRESS] ch: "N", key: {"sequence":"N","name":"n","ctrl":false,"meta":false,"shift":true,"full":"S-n"}
[KEYPRESS] ch: "C", key: {"sequence":"C","name":"c","ctrl":false,"meta":false,"shift":true,"full":"S-c"}
[KEYPRESS] ch: "J", key: {"sequence":"J","name":"j","ctrl":false,"meta":false,"shift":true,"full":"S-j"}
[KEYPRESS] ch: "P", key: {"sequence":"P","name":"p","ctrl":false,"meta":false,"shift":true,"full":"S-p"}
[KEYPRESS] ch: "C", key: {"sequence":"C","name":"c","ctrl":false,"meta":false,"shift":true,"full":"S-c"}
[KEYPRESS] ch: "K", key: {"sequence":"K","name":"k","ctrl":false,"meta":false,"shift":true,"full":"S-k"}
[KEYPRESS] ch: "Q", key: {"sequence":"Q","name":"q","ctrl":false,"meta":false,"shift":true,"full":"S-q"}
[KEYPRESS] ch: "C", key: {"sequence":"C","name":"c","ctrl":false,"meta":false,"shift":true,"full":"S-c"}
[KEYPRESS] ch: "K", key: {"sequence":"K","name":"k","ctrl":false,"meta":false,"shift":true,"full":"S-k"}
[KEYPRESS] ch: "R", key: {"sequence":"R","name":"r","ctrl":false,"meta":false,"shift":true,"full":"S-r"}
[KEYPRESS] ch: "C", key: {"sequence":"C","name":"c","ctrl":false,"meta":false,"shift":true,"full":"S-c"}
[KEYPRESS] ch: "L", key: {"sequence":"L","name":"l","ctrl":false,"meta":false,"shift":true,"full":"S-l"}
[KEYPRESS] ch: "S", key: {"sequence":"S","name":"s","ctrl":false,"meta":false,"shift":true,"full":"S-s"}
[KEYPRESS] ch: "C", key: {"sequence":"C","name":"c","ctrl":false,"meta":false,"shift":true,"full":"S-c"}
[KEYPRESS] ch: "M", key: {"sequence":"M","name":"m","ctrl":false,"meta":false,"shift":true,"full":"S-m"}
[KEYPRESS] ch: "T", key: {"sequence":"T","name":"t","ctrl":false,"meta":false,"shift":true,"full":"S-t"}
[KEYPRESS] ch: "C", key: {"sequence":"C","name":"c","ctrl":false,"meta":false,"shift":true,"full":"S-c"}
[KEYPRESS] ch: "N", key: {"sequence":"N","name":"n","ctrl":false,"meta":false,"shift":true,"full":"S-n"}
[KEYPRESS] ch: "T", key: {"sequence":"T","name":"t","ctrl":false,"meta":false,"shift":true,"full":"S-t"}
[KEYPRESS] ch: "C", key: {"sequence":"C","name":"c","ctrl":false,"meta":false,"shift":true,"full":"S-c"}
[KEYPRESS] ch: "O", key: {"sequence":"O","name":"o","ctrl":false,"meta":false,"shift":true,"full":"S-o"}
[KEYPRESS] ch: "U", key: {"sequence":"U","name":"u","ctrl":false,"meta":false,"shift":true,"full":"S-u"}
[KEYPRESS] ch: "C", key: {"sequence":"C","name":"c","ctrl":false,"meta":false,"shift":true,"full":"S-c"}
[KEYPRESS] ch: "P", key: {"sequence":"P","name":"p","ctrl":false,"meta":false,"shift":true,"full":"S-p"}
[KEYPRESS] ch: "U", key: {"sequence":"U","name":"u","ctrl":false,"meta":false,"shift":true,"full":"S-u"}
[KEYPRESS] ch: "C", key: {"sequence":"C","name":"c","ctrl":false,"meta":false,"shift":true,"full":"S-c"}
[KEYPRESS] ch: "Q", key: {"sequence":"Q","name":"q","ctrl":false,"meta":false,"shift":true,"full":"S-q"}
[KEYPRESS] ch: "U", key: {"sequence":"U","name":"u","ctrl":false,"meta":false,"shift":true,"full":"S-u"}
[KEYPRESS] ch: "C", key: {"sequence":"C","name":"c","ctrl":false,"meta":false,"shift":true,"full":"S-c"}
[KEYPRESS] ch: "R", key: {"sequence":"R","name":"r","ctrl":false,"meta":false,"shift":true,"full":"S-r"}
[KEYPRESS] ch: "V", key: {"sequence":"V","name":"v","ctrl":false,"meta":false,"shift":true,"full":"S-v"}
[KEYPRESS] ch: "C", key: {"sequence":"C","name":"c","ctrl":false,"meta":false,"shift":true,"full":"S-c"}
[KEYPRESS] ch: "S", key: {"sequence":"S","name":"s","ctrl":false,"meta":false,"shift":true,"full":"S-s"}
[KEYPRESS] ch: "V", key: {"sequence":"V","name":"v","ctrl":false,"meta":false,"shift":true,"full":"S-v"}
[KEYPRESS] ch: "C", key: {"sequence":"C","name":"c","ctrl":false,"meta":false,"shift":true,"full":"S-c"}
[KEYPRESS] ch: "T", key: {"sequence":"T","name":"t","ctrl":false,"meta":false,"shift":true,"full":"S-t"}
[KEYPRESS] ch: "V", key: {"sequence":"V","name":"v","ctrl":false,"meta":false,"shift":true,"full":"S-v"}
[KEYPRESS] ch: "C", key: {"sequence":"C","name":"c","ctrl":false,"meta":false,"shift":true,"full":"S-c"}
[KEYPRESS] ch: "U", key: {"sequence":"U","name":"u","ctrl":false,"meta":false,"shift":true,"full":"S-u"}
[KEYPRESS] ch: "V", key: {"sequence":"V","name":"v","ctrl":false,"meta":false,"shift":true,"full":"S-v"}
[KEYPRESS] ch: "C", key: {"sequence":"C","name":"c","ctrl":false,"meta":false,"shift":true,"full":"S-c"}
[KEYPRESS] ch: "U", key: {"sequence":"U","name":"u","ctrl":false,"meta":false,"shift":true,"full":"S-u"}
[KEYPRESS] ch: "U", key: {"sequence":"U","name":"u","ctrl":false,"meta":false,"shift":true,"full":"S-u"}
[KEYPRESS] ch: "C", key: {"sequence":"C","name":"c","ctrl":false,"meta":false,"shift":true,"full":"S-c"}
[KEYPRESS] ch: "U", key: {"sequence":"U","name":"u","ctrl":false,"meta":false,"shift":true,"full":"S-u"}
[KEYPRESS] ch: "T", key: {"sequence":"T","name":"t","ctrl":false,"meta":false,"shift":true,"full":"S-t"}
[KEYPRESS] ch: "C", key: {"sequence":"C","name":"c","ctrl":false,"meta":false,"shift":true,"full":"S-c"}
[KEYPRESS] ch: "V", key: {"sequence":"V","name":"v","ctrl":false,"meta":false,"shift":true,"full":"S-v"}
[KEYPRESS] ch: "S", key: {"sequence":"S","name":"s","ctrl":false,"meta":false,"shift":true,"full":"S-s"}
[KEYPRESS] ch: "C", key: {"sequence":"C","name":"c","ctrl":false,"meta":false,"shift":true,"full":"S-c"}
[KEYPRESS] ch: "X", key: {"sequence":"X","name":"x","ctrl":false,"meta":false,"shift":true,"full":"S-x"}
[KEYPRESS] ch: "R", key: {"sequence":"R","name":"r","ctrl":false,"meta":false,"shift":true,"full":"S-r"}
[KEYPRESS] ch: "C", key: {"sequence":"C","name":"c","ctrl":false,"meta":false,"shift":true,"full":"S-c"}
[KEYPRESS] ch: "Z", key: {"sequence":"Z","name":"z","ctrl":false,"meta":false,"shift":true,"full":"S-z"}
[KEYPRESS] ch: "Q", key: {"sequence":"Q","name":"q","ctrl":false,"meta":false,"shift":true,"full":"S-q"}
[KEYPRESS] ch: "C", key: {"sequence":"C","name":"c","ctrl":false,"meta":false,"shift":true,"full":"S-c"}
[KEYPRESS] ch: "\", key: {"sequence":"\\","ctrl":false,"meta":false,"shift":false,"full":"\\"}
[KEYPRESS] ch: "P", key: {"sequence":"P","name":"p","ctrl":false,"meta":false,"shift":true,"full":"S-p"}
[KEYPRESS] ch: "C", key: {"sequence":"C","name":"c","ctrl":false,"meta":false,"shift":true,"full":"S-c"}
[KEYPRESS] ch: "^", key: {"sequence":"^","ctrl":false,"meta":false,"shift":false,"full":"^"}
[KEYPRESS] ch: "O", key: {"sequence":"O","name":"o","ctrl":false,"meta":false,"shift":true,"full":"S-o"}
[KEYPRESS] ch: "C", key: {"sequence":"C","name":"c","ctrl":false,"meta":false,"shift":true,"full":"S-c"}
[KEYPRESS] ch: "a", key: {"sequence":"a","name":"a","ctrl":false,"meta":false,"shift":false,"full":"a"}
[KEYPRESS] ch: "M", key: {"sequence":"M","name":"m","ctrl":false,"meta":false,"shift":true,"full":"S-m"}
[KEYPRESS] ch: "C", key: {"sequence":"C","name":"c","ctrl":false,"meta":false,"shift":true,"full":"S-c"}
[KEYPRESS] ch: "d", key: {"sequence":"d","name":"d","ctrl":false,"meta":false,"shift":false,"full":"d"}
[KEYPRESS] ch: "M", key: {"sequence":"M","name":"m","ctrl":false,"meta":false,"shift":true,"full":"S-m"}
[KEYPRESS] ch: "C", key: {"sequence":"C","name":"c","ctrl":false,"meta":false,"shift":true,"full":"S-c"}
[KEYPRESS] ch: "f", key: {"sequence":"f","name":"f","ctrl":false,"meta":false,"shift":false,"full":"f"}
[KEYPRESS] ch: "L", key: {"sequence":"L","name":"l","ctrl":false,"meta":false,"shift":true,"full":"S-l"}
[KEYPRESS] ch: "C", key: {"sequence":"C","name":"c","ctrl":false,"meta":false,"shift":true,"full":"S-c"}
[KEYPRESS] ch: "i", key: {"sequence":"i","name":"i","ctrl":false,"meta":false,"shift":false,"full":"i"}
[KEYPRESS] ch: "L", key: {"sequence":"L","name":"l","ctrl":false,"meta":false,"shift":true,"full":"S-l"}
[KEYPRESS] ch: "C", key: {"sequence":"C","name":"c","ctrl":false,"meta":false,"shift":true,"full":"S-c"}
[KEYPRESS] ch: "k", key: {"sequence":"k","name":"k","ctrl":false,"meta":false,"shift":false,"full":"k"}
[KEYPRESS] ch: "K", key: {"sequence":"K","name":"k","ctrl":false,"meta":false,"shift":true,"full":"S-k"}
[KEYPRESS] ch: "C", key: {"sequence":"C","name":"c","ctrl":false,"meta":false,"shift":true,"full":"S-c"}
[KEYPRESS] ch: "m", key: {"sequence":"m","name":"m","ctrl":false,"meta":false,"shift":false,"full":"m"}
[KEYPRESS] ch: "K", key: {"sequence":"K","name":"k","ctrl":false,"meta":false,"shift":true,"full":"S-k"}
[KEYPRESS] ch: "C", key: {"sequence":"C","name":"c","ctrl":false,"meta":false,"shift":true,"full":"S-c"}
[KEYPRESS] ch: "p", key: {"sequence":"p","name":"p","ctrl":false,"meta":false,"shift":false,"full":"p"}
[KEYPRESS] ch: "L", key: {"sequence":"L","name":"l","ctrl":false,"meta":false,"shift":true,"full":"S-l"}
[KEYPRESS] ch: "C", key: {"sequence":"C","name":"c","ctrl":false,"meta":false,"shift":true,"full":"S-c"}
[KEYPRESS] ch: "r", key: {"sequence":"r","name":"r","ctrl":false,"meta":false,"shift":false,"full":"r"}
[KEYPRESS] ch: "L", key: {"sequence":"L","name":"l","ctrl":false,"meta":false,"shift":true,"full":"S-l"}
[KEYPRESS] ch: "C", key: {"sequence":"C","name":"c","ctrl":false,"meta":false,"shift":true,"full":"S-c"}
[KEYPRESS] ch: "u", key: {"sequence":"u","name":"u","ctrl":false,"meta":false,"shift":false,"full":"u"}
[KEYPRESS] ch: "M", key: {"sequence":"M","name":"m","ctrl":false,"meta":false,"shift":true,"full":"S-m"}
[KEYPRESS] ch: "C", key: {"sequence":"C","name":"c","ctrl":false,"meta":false,"shift":true,"full":"S-c"}
[KEYPRESS] ch: "w", key: {"sequence":"w","name":"w","ctrl":false,"meta":false,"shift":false,"full":"w"}
[KEYPRESS] ch: "M", key: {"sequence":"M","name":"m","ctrl":false,"meta":false,"shift":true,"full":"S-m"}
[KEYPRESS] ch: "C", key: {"sequence":"C","name":"c","ctrl":false,"meta":false,"shift":true,"full":"S-c"}
[KEYPRESS] ch: "y", key: {"sequence":"y","name":"y","ctrl":false,"meta":false,"shift":false,"full":"y"}
[KEYPRESS] ch: "N", key: {"sequence":"N","name":"n","ctrl":false,"meta":false,"shift":true,"full":"S-n"}
[KEYPRESS] ch: "C", key: {"sequence":"C","name":"c","ctrl":false,"meta":false,"shift":true,"full":"S-c"}
[KEYPRESS] ch: "{", key: {"sequence":"{","ctrl":false,"meta":false,"shift":false,"full":"{"}
[KEYPRESS] ch: "O", key: {"sequence":"O","name":"o","ctrl":false,"meta":false,"shift":true,"full":"S-o"}
[KEYPRESS] ch: "C", key: {"sequence":"C","name":"c","ctrl":false,"meta":false,"shift":true,"full":"S-c"}
[KEYPRESS] ch: "|", key: {"sequence":"|","ctrl":false,"meta":false,"shift":false,"full":"|"}
[KEYPRESS] ch: "P", key: {"sequence":"P","name":"p","ctrl":false,"meta":false,"shift":true,"full":"S-p"}
[KEYPRESS] ch: "C", key: {"sequence":"C","name":"c","ctrl":false,"meta":false,"shift":true,"full":"S-c"}
[KEYPRESS] ch: "}", key: {"sequence":"}","ctrl":false,"meta":false,"shift":false,"full":"}"}
[KEYPRESS] ch: "Q", key: {"sequence":"Q","name":"q","ctrl":false,"meta":false,"shift":true,"full":"S-q"}
[KEYPRESS] ch: "C", key: {"sequence":"C","name":"c","ctrl":false,"meta":false,"shift":true,"full":"S-c"}
[KEYPRESS] ch: "|", key: {"sequence":"|","ctrl":false,"meta":false,"shift":false,"full":"|"}
[KEYPRESS] ch: "R", key: {"sequence":"R","name":"r","ctrl":false,"meta":false,"shift":true,"full":"S-r"}
[KEYPRESS] ch: "C", key: {"sequence":"C","name":"c","ctrl":false,"meta":false,"shift":true,"full":"S-c"}
[KEYPRESS] ch: "{", key: {"sequence":"{","ctrl":false,"meta":false,"shift":false,"full":"{"}
[KEYPRESS] ch: "R", key: {"sequence":"R","name":"r","ctrl":false,"meta":false,"shift":true,"full":"S-r"}
[KEYPRESS] ch: "C", key: {"sequence":"C","name":"c","ctrl":false,"meta":false,"shift":true,"full":"S-c"}
[KEYPRESS] ch: "z", key: {"sequence":"z","name":"z","ctrl":false,"meta":false,"shift":false,"full":"z"}
[KEYPRESS] ch: "S", key: {"sequence":"S","name":"s","ctrl":false,"meta":false,"shift":true,"full":"S-s"}
[KEYPRESS] ch: "C", key: {"sequence":"C","name":"c","ctrl":false,"meta":false,"shift":true,"full":"S-c"}
[KEYPRESS] ch: "x", key: {"sequence":"x","name":"x","ctrl":false,"meta":false,"shift":false,"full":"x"}
[KEYPRESS] ch: "T", key: {"sequence":"T","name":"t","ctrl":false,"meta":false,"shift":true,"full":"S-t"}
[KEYPRESS] ch: "C", key: {"sequence":"C","name":"c","ctrl":false,"meta":false,"shift":true,"full":"S-c"}
[KEYPRESS] ch: "u", key: {"sequence":"u","name":"u","ctrl":false,"meta":false,"shift":false,"full":"u"}
[KEYPRESS] ch: "T", key: {"sequence":"T","name":"t","ctrl":false,"meta":false,"shift":true,"full":"S-t"}
[KEYPRESS] ch: "C", key: {"sequence":"C","name":"c","ctrl":false,"meta":false,"shift":true,"full":"S-c"}
[KEYPRESS] ch: "r", key: {"sequence":"r","name":"r","ctrl":false,"meta":false,"shift":false,"full":"r"}
[KEYPRESS] ch: "U", key: {"sequence":"U","name":"u","ctrl":false,"meta":false,"shift":true,"full":"S-u"}
[KEYPRESS] ch: "C", key: {"sequence":"C","name":"c","ctrl":false,"meta":false,"shift":true,"full":"S-c"}
[KEYPRESS] ch: "o", key: {"sequence":"o","name":"o","ctrl":false,"meta":false,"shift":false,"full":"o"}
[KEYPRESS] ch: "V", key: {"sequence":"V","name":"v","ctrl":false,"meta":false,"shift":true,"full":"S-v"}
[KEYPRESS] ch: "C", key: {"sequence":"C","name":"c","ctrl":false,"meta":false,"shift":true,"full":"S-c"}
[KEYPRESS] ch: "k", key: {"sequence":"k","name":"k","ctrl":false,"meta":false,"shift":false,"full":"k"}
[KEYPRESS] ch: "W", key: {"sequence":"W","name":"w","ctrl":false,"meta":false,"shift":true,"full":"S-w"}
[KEYPRESS] ch: "C", key: {"sequence":"C","name":"c","ctrl":false,"meta":false,"shift":true,"full":"S-c"}
[KEYPRESS] ch: "g", key: {"sequence":"g","name":"g","ctrl":false,"meta":false,"shift":false,"full":"g"}
[KEYPRESS] ch: "W", key: {"sequence":"W","name":"w","ctrl":false,"meta":false,"shift":true,"full":"S-w"}
[KEYPRESS] ch: "C", key: {"sequence":"C","name":"c","ctrl":false,"meta":false,"shift":true,"full":"S-c"}
[KEYPRESS] ch: "c", key: {"sequence":"c","name":"c","ctrl":false,"meta":false,"shift":false,"full":"c"}
[KEYPRESS] ch: "X", key: {"sequence":"X","name":"x","ctrl":false,"meta":false,"shift":true,"full":"S-x"}
[KEYPRESS] ch: "C", key: {"sequence":"C","name":"c","ctrl":false,"meta":false,"shift":true,"full":"S-c"}
[KEYPRESS] ch: "`", key: {"sequence":"`","ctrl":false,"meta":false,"shift":false,"full":"`"}
[KEYPRESS] ch: "X", key: {"sequence":"X","name":"x","ctrl":false,"meta":false,"shift":true,"full":"S-x"}
[KEYPRESS] ch: "C", key: {"sequence":"C","name":"c","ctrl":false,"meta":false,"shift":true,"full":"S-c"}
[KEYPRESS] ch: "]", key: {"sequence":"]","ctrl":false,"meta":false,"shift":false,"full":"]"}
[KEYPRESS] ch: "X", key: {"sequence":"X","name":"x","ctrl":false,"meta":false,"shift":true,"full":"S-x"}
[KEYPRESS] ch: "C", key: {"sequence":"C","name":"c","ctrl":false,"meta":false,"shift":true,"full":"S-c"}
[KEYPRESS] ch: "[", key: {"sequence":"[","ctrl":false,"meta":false,"shift":false,"full":"["}
[KEYPRESS] ch: "W", key: {"sequence":"W","name":"w","ctrl":false,"meta":false,"shift":true,"full":"S-w"}
[KEYPRESS] ch: "C", key: {"sequence":"C","name":"c","ctrl":false,"meta":false,"shift":true,"full":"S-c"}
[KEYPRESS] ch: "Y", key: {"sequence":"Y","name":"y","ctrl":false,"meta":false,"shift":true,"full":"S-y"}
[KEYPRESS] ch: "W", key: {"sequence":"W","name":"w","ctrl":false,"meta":false,"shift":true,"full":"S-w"}
[KEYPRESS] ch: "C", key: {"sequence":"C","name":"c","ctrl":false,"meta":false,"shift":true,"full":"S-c"}
[KEYPRESS] ch: "W", key: {"sequence":"W","name":"w","ctrl":false,"meta":false,"shift":true,"full":"S-w"}
[KEYPRESS] ch: "W", key: {"sequence":"W","name":"w","ctrl":false,"meta":false,"shift":true,"full":"S-w"}
[KEYPRESS] ch: "C", key: {"sequence":"C","name":"c","ctrl":false,"meta":false,"shift":true,"full":"S-c"}
[KEYPRESS] ch: "V", key: {"sequence":"V","name":"v","ctrl":false,"meta":false,"shift":true,"full":"S-v"}
[KEYPRESS] ch: "V", key: {"sequence":"V","name":"v","ctrl":false,"meta":false,"shift":true,"full":"S-v"}
[KEYPRESS] ch: "C", key: {"sequence":"C","name":"c","ctrl":false,"meta":false,"shift":true,"full":"S-c"}
[KEYPRESS] ch: "U", key: {"sequence":"U","name":"u","ctrl":false,"meta":false,"shift":true,"full":"S-u"}
[KEYPRESS] ch: "U", key: {"sequence":"U","name":"u","ctrl":false,"meta":false,"shift":true,"full":"S-u"}
[KEYPRESS] ch: "C", key: {"sequence":"C","name":"c","ctrl":false,"meta":false,"shift":true,"full":"S-c"}
[KEYPRESS] ch: "T", key: {"sequence":"T","name":"t","ctrl":false,"meta":false,"shift":true,"full":"S-t"}
[KEYPRESS] ch: "U", key: {"sequence":"U","name":"u","ctrl":false,"meta":false,"shift":true,"full":"S-u"}
[KEYPRESS] ch: "C", key: {"sequence":"C","name":"c","ctrl":false,"meta":false,"shift":true,"full":"S-c"}
[KEYPRESS] ch: "S", key: {"sequence":"S","name":"s","ctrl":false,"meta":false,"shift":true,"full":"S-s"}
[KEYPRESS] ch: "S", key: {"sequence":"S","name":"s","ctrl":false,"meta":false,"shift":true,"full":"S-s"}
[KEYPRESS] ch: "C", key: {"sequence":"C","name":"c","ctrl":false,"meta":false,"shift":true,"full":"S-c"}
[KEYPRESS] ch: "S", key: {"sequence":"S","name":"s","ctrl":false,"meta":false,"shift":true,"full":"S-s"}
[KEYPRESS] ch: "R", key: {"sequence":"R","name":"r","ctrl":false,"meta":false,"shift":true,"full":"S-r"}
[KEYPRESS] ch: "C", key: {"sequence":"C","name":"c","ctrl":false,"meta":false,"shift":true,"full":"S-c"}
[KEYPRESS] ch: "T", key: {"sequence":"T","name":"t","ctrl":false,"meta":false,"shift":true,"full":"S-t"}
[KEYPRESS] ch: "P", key: {"sequence":"P","name":"p","ctrl":false,"meta":false,"shift":true,"full":"S-p"}
[KEYPRESS] ch: "C", key: {"sequence":"C","name":"c","ctrl":false,"meta":false,"shift":true,"full":"S-c"}
[KEYPRESS] ch: "U", key: {"sequence":"U","name":"u","ctrl":false,"meta":false,"shift":true,"full":"S-u"}
[KEYPRESS] ch: "N", key: {"sequence":"N","name":"n","ctrl":false,"meta":false,"shift":true,"full":"S-n"}
[KEYPRESS] ch: "C", key: {"sequence":"C","name":"c","ctrl":false,"meta":false,"shift":true,"full":"S-c"}
[KEYPRESS] ch: "V", key: {"sequence":"V","name":"v","ctrl":false,"meta":false,"shift":true,"full":"S-v"}
[KEYPRESS] ch: "K", key: {"sequence":"K","name":"k","ctrl":false,"meta":false,"shift":true,"full":"S-k"}
[KEYPRESS] ch: "C", key: {"sequence":"C","name":"c","ctrl":false,"meta":false,"shift":true,"full":"S-c"}
[KEYPRESS] ch: "X", key: {"sequence":"X","name":"x","ctrl":false,"meta":false,"shift":true,"full":"S-x"}
[KEYPRESS] ch: "H", key: {"sequence":"H","name":"h","ctrl":false,"meta":false,"shift":true,"full":"S-h"}
[KEYPRESS] ch: "C", key: {"sequence":"C","name":"c","ctrl":false,"meta":false,"shift":true,"full":"S-c"}
[KEYPRESS] ch: "Z", key: {"sequence":"Z","name":"z","ctrl":false,"meta":false,"shift":true,"full":"S-z"}
[KEYPRESS] ch: "F", key: {"sequence":"F","name":"f","ctrl":false,"meta":false,"shift":true,"full":"S-f"}
[KEYPRESS] ch: "C", key: {"sequence":"C","name":"c","ctrl":false,"meta":false,"shift":true,"full":"S-c"}
[KEYPRESS] ch: "\", key: {"sequence":"\\","ctrl":false,"meta":false,"shift":false,"full":"\\"}
[KEYPRESS] ch: "E", key: {"sequence":"E","name":"e","ctrl":false,"meta":false,"shift":true,"full":"S-e"}
[KEYPRESS] ch: "C", key: {"sequence":"C","name":"c","ctrl":false,"meta":false,"shift":true,"full":"S-c"}
[KEYPRESS] ch: "^", key: {"sequence":"^","ctrl":false,"meta":false,"shift":false,"full":"^"}
[KEYPRESS] ch: "D", key: {"sequence":"D","name":"d","ctrl":false,"meta":false,"shift":true,"full":"S-d"}
[KEYPRESS] ch: "C", key: {"sequence":"C","name":"c","ctrl":false,"meta":false,"shift":true,"full":"S-c"}
[KEYPRESS] ch: "_", key: {"sequence":"_","ctrl":false,"meta":false,"shift":false,"full":"_"}
[KEYPRESS] ch: "C", key: {"sequence":"C","name":"c","ctrl":false,"meta":false,"shift":true,"full":"S-c"}
[KEYPRESS] ch: "C", key: {"sequence":"C","name":"c","ctrl":false,"meta":false,"shift":true,"full":"S-c"}
[KEYPRESS] ch: "`", key: {"sequence":"`","ctrl":false,"meta":false,"shift":false,"full":"`"}
[KEYPRESS] ch: "B", key: {"sequence":"B","name":"b","ctrl":false,"meta":false,"shift":true,"full":"S-b"}
[KEYPRESS] ch: "C", key: {"sequence":"C","name":"c","ctrl":false,"meta":false,"shift":true,"full":"S-c"}
[KEYPRESS] ch: "b", key: {"sequence":"b","name":"b","ctrl":false,"meta":false,"shift":false,"full":"b"}
[KEYPRESS] ch: "B", key: {"sequence":"B","name":"b","ctrl":false,"meta":false,"shift":true,"full":"S-b"}
[KEYPRESS] ch: "C", key: {"sequence":"C","name":"c","ctrl":false,"meta":false,"shift":true,"full":"S-c"}
[KEYPRESS] ch: "c", key: {"sequence":"c","name":"c","ctrl":false,"meta":false,"shift":false,"full":"c"}
[KEYPRESS] ch: "B", key: {"sequence":"B","name":"b","ctrl":false,"meta":false,"shift":true,"full":"S-b"}
[KEYPRESS] ch: "C", key: {"sequence":"C","name":"c","ctrl":false,"meta":false,"shift":true,"full":"S-c"}
[KEYPRESS] ch: "d", key: {"sequence":"d","name":"d","ctrl":false,"meta":false,"shift":false,"full":"d"}
[KEYPRESS] ch: "B", key: {"sequence":"B","name":"b","ctrl":false,"meta":false,"shift":true,"full":"S-b"}
[KEYPRESS] ch: "C", key: {"sequence":"C","name":"c","ctrl":false,"meta":false,"shift":true,"full":"S-c"}
[KEYPRESS] ch: "e", key: {"sequence":"e","name":"e","ctrl":false,"meta":false,"shift":false,"full":"e"}
[KEYPRESS] ch: "B", key: {"sequence":"B","name":"b","ctrl":false,"meta":false,"shift":true,"full":"S-b"}
[KEYPRESS] ch: "C", key: {"sequence":"C","name":"c","ctrl":false,"meta":false,"shift":true,"full":"S-c"}
[KEYPRESS] ch: "g", key: {"sequence":"g","name":"g","ctrl":false,"meta":false,"shift":false,"full":"g"}
[KEYPRESS] ch: "C", key: {"sequence":"C","name":"c","ctrl":false,"meta":false,"shift":true,"full":"S-c"}
[KEYPRESS] ch: "C", key: {"sequence":"C","name":"c","ctrl":false,"meta":false,"shift":true,"full":"S-c"}
[KEYPRESS] ch: "h", key: {"sequence":"h","name":"h","ctrl":false,"meta":false,"shift":false,"full":"h"}
[KEYPRESS] ch: "C", key: {"sequence":"C","name":"c","ctrl":false,"meta":false,"shift":true,"full":"S-c"}
[KEYPRESS] ch: "C", key: {"sequence":"C","name":"c","ctrl":false,"meta":false,"shift":true,"full":"S-c"}
[KEYPRESS] ch: "j", key: {"sequence":"j","name":"j","ctrl":false,"meta":false,"shift":false,"full":"j"}
[KEYPRESS] ch: "D", key: {"sequence":"D","name":"d","ctrl":false,"meta":false,"shift":true,"full":"S-d"}
[KEYPRESS] ch: "C", key: {"sequence":"C","name":"c","ctrl":false,"meta":false,"shift":true,"full":"S-c"}
[KEYPRESS] ch: "k", key: {"sequence":"k","name":"k","ctrl":false,"meta":false,"shift":false,"full":"k"}
[KEYPRESS] ch: "E", key: {"sequence":"E","name":"e","ctrl":false,"meta":false,"shift":true,"full":"S-e"}
[KEYPRESS] ch: "C", key: {"sequence":"C","name":"c","ctrl":false,"meta":false,"shift":true,"full":"S-c"}
[KEYPRESS] ch: "m", key: {"sequence":"m","name":"m","ctrl":false,"meta":false,"shift":false,"full":"m"}
[KEYPRESS] ch: "F", key: {"sequence":"F","name":"f","ctrl":false,"meta":false,"shift":true,"full":"S-f"}
[KEYPRESS] ch: "C", key: {"sequence":"C","name":"c","ctrl":false,"meta":false,"shift":true,"full":"S-c"}
[KEYPRESS] ch: "o", key: {"sequence":"o","name":"o","ctrl":false,"meta":false,"shift":false,"full":"o"}
[KEYPRESS] ch: "H", key: {"sequence":"H","name":"h","ctrl":false,"meta":false,"shift":true,"full":"S-h"}
[KEYPRESS] ch: "C", key: {"sequence":"C","name":"c","ctrl":false,"meta":false,"shift":true,"full":"S-c"}
[KEYPRESS] ch: "p", key: {"sequence":"p","name":"p","ctrl":false,"meta":false,"shift":false,"full":"p"}
[KEYPRESS] ch: "J", key: {"sequence":"J","name":"j","ctrl":false,"meta":false,"shift":true,"full":"S-j"}
[KEYPRESS] ch: "C", key: {"sequence":"C","name":"c","ctrl":false,"meta":false,"shift":true,"full":"S-c"}
[KEYPRESS] ch: "r", key: {"sequence":"r","name":"r","ctrl":false,"meta":false,"shift":false,"full":"r"}
[KEYPRESS] ch: "L", key: {"sequence":"L","name":"l","ctrl":false,"meta":false,"shift":true,"full":"S-l"}
[KEYPRESS] ch: "C", key: {"sequence":"C","name":"c","ctrl":false,"meta":false,"shift":true,"full":"S-c"}
[KEYPRESS] ch: "s", key: {"sequence":"s","name":"s","ctrl":false,"meta":false,"shift":false,"full":"s"}
[KEYPRESS] ch: "N", key: {"sequence":"N","name":"n","ctrl":false,"meta":false,"shift":true,"full":"S-n"}
[KEYPRESS] ch: "C", key: {"sequence":"C","name":"c","ctrl":false,"meta":false,"shift":true,"full":"S-c"}
[KEYPRESS] ch: "s", key: {"sequence":"s","name":"s","ctrl":false,"meta":false,"shift":false,"full":"s"}
[KEYPRESS] ch: "P", key: {"sequence":"P","name":"p","ctrl":false,"meta":false,"shift":true,"full":"S-p"}
[KEYPRESS] ch: "C", key: {"sequence":"C","name":"c","ctrl":false,"meta":false,"shift":true,"full":"S-c"}
[KEYPRESS] ch: "s", key: {"sequence":"s","name":"s","ctrl":false,"meta":false,"shift":false,"full":"s"}
[KEYPRESS] ch: "R", key: {"sequence":"R","name":"r","ctrl":false,"meta":false,"shift":true,"full":"S-r"}
[KEYPRESS] ch: "C", key: {"sequence":"C","name":"c","ctrl":false,"meta":false,"shift":true,"full":"S-c"}
[KEYPRESS] ch: "r", key: {"sequence":"r","name":"r","ctrl":false,"meta":false,"shift":false,"full":"r"}
[KEYPRESS] ch: "S", key: {"sequence":"S","name":"s","ctrl":false,"meta":false,"shift":true,"full":"S-s"}
[KEYPRESS] ch: "C", key: {"sequence":"C","name":"c","ctrl":false,"meta":false,"shift":true,"full":"S-c"}
[KEYPRESS] ch: "q", key: {"sequence":"q","name":"q","ctrl":false,"meta":false,"shift":false,"full":"q"}
[EXIT TRIGGER] Exit triggered by key ch="q" key={"sequence":"q","name":"q","ctrl":false,"meta":false,"shift":false,"full":"q"}
[2026-01-21T17:30:08.615Z] Process exited with code 0
[2026-01-21T17:30:08.615Z] Application cleanup triggered.
Test log
